mode: atomic
salesmee/internal/db/db.go:15.16,22.34 5 0
salesmee/internal/db/db.go:22.34,25.3 2 0
salesmee/internal/db/db.go:25.8,25.25 1 0
salesmee/internal/db/db.go:25.25,36.3 3 0
salesmee/internal/db/db.go:36.8,38.3 1 0
salesmee/internal/db/db.go:40.2,40.16 1 0
salesmee/internal/db/db.go:40.16,42.3 1 0
salesmee/internal/db/db.go:44.2,44.48 1 0
salesmee/internal/handlers/business/analytics.go:25.56,27.21 2 0
salesmee/internal/handlers/business/analytics.go:27.21,30.3 2 0
salesmee/internal/handlers/business/analytics.go:32.2,33.71 2 0
salesmee/internal/handlers/business/analytics.go:33.71,36.3 2 0
salesmee/internal/handlers/business/analytics.go:38.2,61.4 2 0
salesmee/internal/handlers/business/analytics.go:73.96,116.27 36 0
salesmee/internal/handlers/business/analytics.go:116.27,119.3 2 0
salesmee/internal/handlers/business/analytics.go:120.2,120.29 1 0
salesmee/internal/handlers/business/analytics.go:120.29,123.3 2 0
salesmee/internal/handlers/business/analytics.go:125.2,125.39 1 0
salesmee/internal/handlers/business/analytics.go:125.39,127.3 1 0
salesmee/internal/handlers/business/analytics.go:128.2,128.51 1 0
salesmee/internal/handlers/business/analytics.go:128.51,130.3 1 0
salesmee/internal/handlers/business/analytics.go:131.2,131.31 1 0
salesmee/internal/handlers/business/analytics.go:131.31,133.3 1 0
salesmee/internal/handlers/business/analytics.go:135.2,135.10 1 0
salesmee/internal/handlers/business/analytics.go:138.61,140.21 2 0
salesmee/internal/handlers/business/analytics.go:140.21,143.3 2 0
salesmee/internal/handlers/business/analytics.go:145.2,146.71 2 0
salesmee/internal/handlers/business/analytics.go:146.71,149.3 2 0
salesmee/internal/handlers/business/analytics.go:151.2,173.4 3 0
salesmee/internal/handlers/business/analytics.go:176.65,178.21 2 0
salesmee/internal/handlers/business/analytics.go:178.21,181.3 2 0
salesmee/internal/handlers/business/analytics.go:183.2,184.71 2 0
salesmee/internal/handlers/business/analytics.go:184.71,187.3 2 0
salesmee/internal/handlers/business/analytics.go:189.2,204.4 3 0
salesmee/internal/handlers/business/bookings.go:16.63,19.19 2 0
salesmee/internal/handlers/business/bookings.go:19.19,22.3 2 0
salesmee/internal/handlers/business/bookings.go:24.2,31.51 2 0
salesmee/internal/handlers/business/bookings.go:31.51,34.3 2 0
salesmee/internal/handlers/business/bookings.go:36.2,37.70 2 0
salesmee/internal/handlers/business/bookings.go:37.70,40.3 2 0
salesmee/internal/handlers/business/bookings.go:43.2,44.60 2 0
salesmee/internal/handlers/business/bookings.go:44.60,47.3 2 0
salesmee/internal/handlers/business/bookings.go:50.2,51.16 2 0
salesmee/internal/handlers/business/bookings.go:51.16,54.3 2 0
salesmee/internal/handlers/business/bookings.go:57.2,69.52 2 0
salesmee/internal/handlers/business/bookings.go:69.52,72.3 2 0
salesmee/internal/handlers/business/bookings.go:75.2,83.56 2 0
salesmee/internal/handlers/business/bookings.go:83.56,86.3 2 0
salesmee/internal/handlers/business/bookings.go:88.2,88.97 1 0
salesmee/internal/handlers/business/bookings.go:91.55,93.21 2 0
salesmee/internal/handlers/business/bookings.go:93.21,96.3 2 0
salesmee/internal/handlers/business/bookings.go:98.2,99.71 2 0
salesmee/internal/handlers/business/bookings.go:99.71,102.3 2 0
salesmee/internal/handlers/business/bookings.go:104.2,113.35 7 0
salesmee/internal/handlers/business/bookings.go:113.35,114.25 1 0
salesmee/internal/handlers/business/bookings.go:115.18,116.18 1 0
salesmee/internal/handlers/business/bookings.go:117.27,118.20 1 0
salesmee/internal/handlers/business/bookings.go:119.20,121.39 2 0
salesmee/internal/handlers/business/bookings.go:122.20,123.20 1 0
salesmee/internal/handlers/business/bookings.go:127.2,139.4 1 0
salesmee/internal/handlers/business/bookings.go:142.60,144.21 2 0
salesmee/internal/handlers/business/bookings.go:144.21,147.3 2 0
salesmee/internal/handlers/business/bookings.go:149.2,150.71 2 0
salesmee/internal/handlers/business/bookings.go:150.71,153.3 2 0
salesmee/internal/handlers/business/bookings.go:155.2,164.35 7 0
salesmee/internal/handlers/business/bookings.go:164.35,165.25 1 0
salesmee/internal/handlers/business/bookings.go:166.18,167.18 1 0
salesmee/internal/handlers/business/bookings.go:168.27,169.20 1 0
salesmee/internal/handlers/business/bookings.go:170.20,172.39 2 0
salesmee/internal/handlers/business/bookings.go:173.20,174.20 1 0
salesmee/internal/handlers/business/bookings.go:178.2,188.4 1 0
salesmee/internal/handlers/business/bookings.go:191.64,193.21 2 0
salesmee/internal/handlers/business/bookings.go:193.21,196.3 2 0
salesmee/internal/handlers/business/bookings.go:198.2,199.71 2 0
salesmee/internal/handlers/business/bookings.go:199.71,202.3 2 0
salesmee/internal/handlers/business/bookings.go:204.2,213.35 7 0
salesmee/internal/handlers/business/bookings.go:213.35,214.25 1 0
salesmee/internal/handlers/business/bookings.go:215.18,216.18 1 0
salesmee/internal/handlers/business/bookings.go:217.27,218.20 1 0
salesmee/internal/handlers/business/bookings.go:219.20,221.39 2 0
salesmee/internal/handlers/business/bookings.go:222.20,223.20 1 0
salesmee/internal/handlers/business/bookings.go:227.2,235.4 1 0
salesmee/internal/handlers/business/bookings.go:238.54,240.21 2 0
salesmee/internal/handlers/business/bookings.go:240.21,243.3 2 0
salesmee/internal/handlers/business/bookings.go:245.2,246.16 2 0
salesmee/internal/handlers/business/bookings.go:246.16,249.3 2 0
salesmee/internal/handlers/business/bookings.go:251.2,252.110 2 0
salesmee/internal/handlers/business/bookings.go:252.110,255.3 2 0
salesmee/internal/handlers/business/bookings.go:257.2,257.67 1 0
salesmee/internal/handlers/business/bookings.go:260.63,262.21 2 0
salesmee/internal/handlers/business/bookings.go:262.21,265.3 2 0
salesmee/internal/handlers/business/bookings.go:267.2,272.51 3 0
salesmee/internal/handlers/business/bookings.go:272.51,275.3 2 0
salesmee/internal/handlers/business/bookings.go:277.2,278.103 2 0
salesmee/internal/handlers/business/bookings.go:278.103,281.3 2 0
salesmee/internal/handlers/business/bookings.go:283.2,292.9 4 0
salesmee/internal/handlers/business/bookings.go:292.9,295.3 2 0
salesmee/internal/handlers/business/bookings.go:297.2,298.28 2 0
salesmee/internal/handlers/business/bookings.go:298.28,299.21 1 0
salesmee/internal/handlers/business/bookings.go:299.21,301.9 2 0
salesmee/internal/handlers/business/bookings.go:305.2,305.24 1 0
salesmee/internal/handlers/business/bookings.go:305.24,310.3 2 0
salesmee/internal/handlers/business/bookings.go:312.2,313.50 2 0
salesmee/internal/handlers/business/bookings.go:313.50,316.3 2 0
salesmee/internal/handlers/business/bookings.go:318.2,319.121 2 0
salesmee/internal/handlers/business/bookings.go:319.121,321.3 1 0
salesmee/internal/handlers/business/bookings.go:323.2,323.67 1 0
salesmee/internal/handlers/business/bookings.go:327.61,329.21 2 0
salesmee/internal/handlers/business/bookings.go:329.21,332.3 2 0
salesmee/internal/handlers/business/bookings.go:334.2,338.110 4 0
salesmee/internal/handlers/business/bookings.go:338.110,341.3 2 0
salesmee/internal/handlers/business/bookings.go:343.2,343.42 1 0
salesmee/internal/handlers/business/bookings.go:343.42,346.3 2 0
salesmee/internal/handlers/business/bookings.go:348.2,363.121 6 0
salesmee/internal/handlers/business/bookings.go:363.121,365.3 1 0
salesmee/internal/handlers/business/bookings.go:367.2,370.4 1 0
salesmee/internal/handlers/business/bookings.go:374.61,376.21 2 0
salesmee/internal/handlers/business/bookings.go:376.21,379.3 2 0
salesmee/internal/handlers/business/bookings.go:381.2,382.16 2 0
salesmee/internal/handlers/business/bookings.go:382.16,385.3 2 0
salesmee/internal/handlers/business/bookings.go:387.2,388.200 2 0
salesmee/internal/handlers/business/bookings.go:388.200,391.3 2 0
salesmee/internal/handlers/business/bookings.go:393.2,393.35 1 0
salesmee/internal/handlers/business/bookings.go:393.35,396.3 2 0
salesmee/internal/handlers/business/bookings.go:398.2,401.4 1 0
salesmee/internal/handlers/business/bookings.go:404.57,406.21 2 0
salesmee/internal/handlers/business/bookings.go:406.21,409.3 2 0
salesmee/internal/handlers/business/bookings.go:411.2,412.16 2 0
salesmee/internal/handlers/business/bookings.go:412.16,415.3 2 0
salesmee/internal/handlers/business/bookings.go:417.2,418.110 2 0
salesmee/internal/handlers/business/bookings.go:418.110,421.3 2 0
salesmee/internal/handlers/business/bookings.go:423.2,429.51 2 0
salesmee/internal/handlers/business/bookings.go:429.51,432.3 2 0
salesmee/internal/handlers/business/bookings.go:434.2,436.31 2 0
salesmee/internal/handlers/business/bookings.go:436.31,438.17 2 0
salesmee/internal/handlers/business/bookings.go:438.17,440.4 1 0
salesmee/internal/handlers/business/bookings.go:443.2,443.27 1 0
salesmee/internal/handlers/business/bookings.go:443.27,445.71 2 0
salesmee/internal/handlers/business/bookings.go:445.71,446.37 1 0
salesmee/internal/handlers/business/bookings.go:446.37,451.5 4 0
salesmee/internal/handlers/business/bookings.go:452.4,452.42 1 0
salesmee/internal/handlers/business/bookings.go:456.2,456.50 1 0
salesmee/internal/handlers/business/bookings.go:456.50,459.3 2 0
salesmee/internal/handlers/business/bookings.go:461.2,461.67 1 0
salesmee/internal/handlers/business/bookings.go:465.57,467.21 2 0
salesmee/internal/handlers/business/bookings.go:467.21,470.3 2 0
salesmee/internal/handlers/business/bookings.go:472.2,483.51 2 0
salesmee/internal/handlers/business/bookings.go:483.51,487.3 3 0
salesmee/internal/handlers/business/bookings.go:490.2,491.118 2 0
salesmee/internal/handlers/business/bookings.go:491.118,494.3 2 0
salesmee/internal/handlers/business/bookings.go:497.2,498.26 2 0
salesmee/internal/handlers/business/bookings.go:498.26,499.69 1 0
salesmee/internal/handlers/business/bookings.go:499.69,502.4 2 0
salesmee/internal/handlers/business/bookings.go:503.8,510.52 2 0
salesmee/internal/handlers/business/bookings.go:510.52,513.4 2 0
salesmee/internal/handlers/business/bookings.go:517.2,518.16 2 0
salesmee/internal/handlers/business/bookings.go:518.16,521.3 2 0
salesmee/internal/handlers/business/bookings.go:523.2,524.27 2 0
salesmee/internal/handlers/business/bookings.go:524.27,526.3 1 0
salesmee/internal/handlers/business/bookings.go:529.2,541.27 2 0
salesmee/internal/handlers/business/bookings.go:541.27,543.3 1 0
salesmee/internal/handlers/business/bookings.go:545.2,545.52 1 0
salesmee/internal/handlers/business/bookings.go:545.52,548.3 2 0
salesmee/internal/handlers/business/bookings.go:551.2,558.56 2 0
salesmee/internal/handlers/business/bookings.go:558.56,561.3 2 0
salesmee/internal/handlers/business/bookings.go:564.2,564.27 1 0
salesmee/internal/handlers/business/bookings.go:564.27,573.3 2 0
salesmee/internal/handlers/business/bookings.go:576.2,577.114 2 0
salesmee/internal/handlers/business/bookings.go:577.114,579.3 1 0
salesmee/internal/handlers/business/bookings.go:581.2,585.4 1 0
salesmee/internal/handlers/business/bookings.go:587.37,589.2 1 0
salesmee/internal/handlers/business/business.go:25.55,27.2 1 0
salesmee/internal/handlers/business/business.go:53.56,57.64 3 0
salesmee/internal/handlers/business/business.go:57.64,60.3 2 0
salesmee/internal/handlers/business/business.go:62.2,64.26 3 0
salesmee/internal/handlers/business/business.go:64.26,66.3 1 0
salesmee/internal/handlers/business/business.go:67.2,86.4 7 0
salesmee/internal/handlers/business/business.go:89.54,93.64 3 0
salesmee/internal/handlers/business/business.go:93.64,99.3 2 0
salesmee/internal/handlers/business/business.go:102.2,128.83 4 0
salesmee/internal/handlers/business/business.go:128.83,137.3 2 0
salesmee/internal/handlers/business/business.go:140.2,140.35 1 0
salesmee/internal/handlers/business/business.go:140.35,141.36 1 0
salesmee/internal/handlers/business/business.go:141.36,143.4 1 0
salesmee/internal/handlers/business/business.go:143.9,145.4 1 0
salesmee/internal/handlers/business/business.go:149.2,160.38 5 0
salesmee/internal/handlers/business/business.go:160.38,162.3 1 0
salesmee/internal/handlers/business/business.go:164.2,171.40 4 0
salesmee/internal/handlers/business/business.go:171.40,173.3 1 0
salesmee/internal/handlers/business/business.go:175.2,175.35 1 0
salesmee/internal/handlers/business/business.go:175.35,177.3 1 0
salesmee/internal/handlers/business/business.go:180.2,189.38 7 0
salesmee/internal/handlers/business/business.go:189.38,190.17 1 0
salesmee/internal/handlers/business/business.go:190.17,192.4 1 0
salesmee/internal/handlers/business/business.go:195.2,205.4 1 0
salesmee/internal/handlers/business/business.go:208.56,210.21 2 0
salesmee/internal/handlers/business/business.go:210.21,213.3 2 0
salesmee/internal/handlers/business/business.go:216.2,217.71 2 0
salesmee/internal/handlers/business/business.go:217.71,220.3 2 0
salesmee/internal/handlers/business/business.go:223.2,290.41 35 0
salesmee/internal/handlers/business/business.go:290.41,292.3 1 0
salesmee/internal/handlers/business/business.go:292.8,294.3 1 0
salesmee/internal/handlers/business/business.go:298.113,301.16 3 0
salesmee/internal/handlers/business/business.go:301.16,306.58 2 0
salesmee/internal/handlers/business/business.go:306.58,308.4 1 0
salesmee/internal/handlers/business/business.go:310.2,310.27 1 0
salesmee/internal/handlers/business/business.go:313.65,317.64 3 0
salesmee/internal/handlers/business/business.go:317.64,320.3 2 0
salesmee/internal/handlers/business/business.go:322.2,330.16 8 0
salesmee/internal/handlers/business/business.go:330.16,332.3 1 0
salesmee/internal/handlers/business/business.go:333.2,333.20 1 0
salesmee/internal/handlers/business/business.go:333.20,335.3 1 0
salesmee/internal/handlers/business/business.go:336.2,336.17 1 0
salesmee/internal/handlers/business/business.go:336.17,338.3 1 0
salesmee/internal/handlers/business/business.go:339.2,339.19 1 0
salesmee/internal/handlers/business/business.go:339.19,341.3 1 0
salesmee/internal/handlers/business/business.go:342.2,342.20 1 0
salesmee/internal/handlers/business/business.go:342.20,344.3 1 0
salesmee/internal/handlers/business/business.go:345.2,345.20 1 0
salesmee/internal/handlers/business/business.go:345.20,347.3 1 0
salesmee/internal/handlers/business/business.go:349.2,350.16 2 0
salesmee/internal/handlers/business/business.go:350.16,354.90 3 0
salesmee/internal/handlers/business/business.go:354.90,355.34 1 0
salesmee/internal/handlers/business/business.go:355.34,360.19 5 0
salesmee/internal/handlers/business/business.go:360.19,362.50 2 0
salesmee/internal/handlers/business/business.go:362.50,365.7 2 0
salesmee/internal/handlers/business/business.go:371.2,371.22 1 0
salesmee/internal/handlers/business/business.go:371.22,372.70 1 0
salesmee/internal/handlers/business/business.go:372.70,375.4 2 0
salesmee/internal/handlers/business/business.go:378.2,378.47 1 0
salesmee/internal/handlers/business/business.go:381.62,385.16 3 0
salesmee/internal/handlers/business/business.go:385.16,388.3 2 0
salesmee/internal/handlers/business/business.go:389.2,392.89 3 0
salesmee/internal/handlers/business/business.go:392.89,395.3 2 0
salesmee/internal/handlers/business/business.go:397.2,397.31 1 0
salesmee/internal/handlers/business/business.go:397.31,400.3 2 0
salesmee/internal/handlers/business/business.go:402.2,403.53 2 0
salesmee/internal/handlers/business/business.go:403.53,406.3 2 0
salesmee/internal/handlers/business/business.go:408.2,410.16 3 0
salesmee/internal/handlers/business/business.go:410.16,413.3 2 0
salesmee/internal/handlers/business/business.go:414.2,416.46 2 0
salesmee/internal/handlers/business/business.go:416.46,419.3 2 0
salesmee/internal/handlers/business/business.go:421.2,422.114 2 0
salesmee/internal/handlers/business/business.go:422.114,425.3 2 0
salesmee/internal/handlers/business/business.go:427.2,430.4 1 0
salesmee/internal/handlers/business/business.go:433.61,436.64 3 0
salesmee/internal/handlers/business/business.go:436.64,439.3 2 0
salesmee/internal/handlers/business/business.go:442.2,502.47 34 0
salesmee/internal/handlers/business/business.go:505.58,509.64 3 0
salesmee/internal/handlers/business/business.go:509.64,512.3 2 0
salesmee/internal/handlers/business/business.go:515.2,520.25 6 0
salesmee/internal/handlers/business/business.go:520.25,521.67 1 0
salesmee/internal/handlers/business/business.go:521.67,523.4 1 0
salesmee/internal/handlers/business/business.go:525.2,527.16 3 0
salesmee/internal/handlers/business/business.go:527.16,529.3 1 0
salesmee/internal/handlers/business/business.go:532.2,534.6 3 0
salesmee/internal/handlers/business/business.go:534.6,536.89 2 0
salesmee/internal/handlers/business/business.go:536.89,537.9 1 0
salesmee/internal/handlers/business/business.go:539.3,542.20 4 0
salesmee/internal/handlers/business/business.go:542.20,545.4 2 0
salesmee/internal/handlers/business/business.go:548.2,551.26 3 0
salesmee/internal/handlers/business/business.go:551.26,553.3 1 0
salesmee/internal/handlers/business/business.go:554.2,562.4 3 0
salesmee/internal/handlers/business/business.go:565.65,569.64 3 0
salesmee/internal/handlers/business/business.go:569.64,572.3 2 0
salesmee/internal/handlers/business/business.go:574.2,582.49 8 0
salesmee/internal/handlers/business/business.go:582.49,585.3 2 0
salesmee/internal/handlers/business/business.go:587.2,589.20 2 0
salesmee/internal/handlers/business/business.go:589.20,590.34 1 0
salesmee/internal/handlers/business/business.go:590.34,593.4 2 0
salesmee/internal/handlers/business/business.go:594.3,594.24 1 0
salesmee/internal/handlers/business/business.go:594.24,597.4 2 0
salesmee/internal/handlers/business/business.go:598.3,598.18 1 0
salesmee/internal/handlers/business/business.go:601.2,601.29 1 0
salesmee/internal/handlers/business/business.go:601.29,603.3 1 0
salesmee/internal/handlers/business/business.go:605.2,614.20 2 0
salesmee/internal/handlers/business/business.go:614.20,616.3 1 0
salesmee/internal/handlers/business/business.go:618.2,620.16 3 0
salesmee/internal/handlers/business/business.go:620.16,623.90 3 0
salesmee/internal/handlers/business/business.go:623.90,624.34 1 0
salesmee/internal/handlers/business/business.go:624.34,629.19 5 0
salesmee/internal/handlers/business/business.go:629.19,631.50 2 0
salesmee/internal/handlers/business/business.go:631.50,633.7 1 0
salesmee/internal/handlers/business/business.go:639.2,639.15 1 0
salesmee/internal/handlers/business/business.go:639.15,645.20 2 0
salesmee/internal/handlers/business/business.go:645.20,647.4 1 0
salesmee/internal/handlers/business/business.go:648.3,648.21 1 0
salesmee/internal/handlers/business/business.go:648.21,650.4 1 0
salesmee/internal/handlers/business/business.go:651.3,651.21 1 0
salesmee/internal/handlers/business/business.go:651.21,653.4 1 0
salesmee/internal/handlers/business/business.go:654.3,654.21 1 0
salesmee/internal/handlers/business/business.go:654.21,656.4 1 0
salesmee/internal/handlers/business/business.go:657.3,657.70 1 0
salesmee/internal/handlers/business/business.go:657.70,660.4 2 0
salesmee/internal/handlers/business/business.go:661.3,662.9 2 0
salesmee/internal/handlers/business/business.go:665.2,673.12 6 0
salesmee/internal/handlers/business/business.go:673.12,674.72 1 0
salesmee/internal/handlers/business/business.go:674.72,676.4 1 0
salesmee/internal/handlers/business/business.go:679.2,684.4 2 0
salesmee/internal/handlers/business/business.go:687.64,692.30 4 0
salesmee/internal/handlers/business/business.go:692.30,695.3 2 0
salesmee/internal/handlers/business/business.go:697.2,698.9 2 0
salesmee/internal/handlers/business/business.go:698.9,701.3 2 0
salesmee/internal/handlers/business/business.go:703.2,703.38 1 0
salesmee/internal/handlers/business/business.go:703.38,706.3 2 0
salesmee/internal/handlers/business/business.go:708.2,708.44 1 0
salesmee/internal/handlers/business/business.go:708.44,711.3 2 0
salesmee/internal/handlers/business/business.go:713.2,713.28 1 0
salesmee/internal/handlers/business/business.go:713.28,716.3 2 0
salesmee/internal/handlers/business/business.go:718.2,723.27 2 0
salesmee/internal/handlers/business/business.go:723.27,725.3 1 0
salesmee/internal/handlers/business/business.go:726.2,726.28 1 0
salesmee/internal/handlers/business/business.go:726.28,728.3 1 0
salesmee/internal/handlers/business/business.go:729.2,729.28 1 0
salesmee/internal/handlers/business/business.go:729.28,731.3 1 0
salesmee/internal/handlers/business/business.go:732.2,732.24 1 0
salesmee/internal/handlers/business/business.go:732.24,734.3 1 0
salesmee/internal/handlers/business/business.go:736.2,736.106 1 0
salesmee/internal/handlers/business/business.go:736.106,739.3 2 0
salesmee/internal/handlers/business/business.go:741.2,743.47 2 0
salesmee/internal/handlers/business/business.go:746.60,750.17 3 0
salesmee/internal/handlers/business/business.go:750.17,753.3 2 0
salesmee/internal/handlers/business/business.go:755.2,756.9 2 0
salesmee/internal/handlers/business/business.go:756.9,759.3 2 0
salesmee/internal/handlers/business/business.go:761.2,761.38 1 0
salesmee/internal/handlers/business/business.go:761.38,764.3 2 0
salesmee/internal/handlers/business/business.go:766.2,767.64 2 0
salesmee/internal/handlers/business/business.go:767.64,770.3 2 0
salesmee/internal/handlers/business/business.go:772.2,777.12 5 0
salesmee/internal/handlers/business/business.go:777.12,778.72 1 0
salesmee/internal/handlers/business/business.go:778.72,780.4 1 0
salesmee/internal/handlers/business/business.go:783.2,785.47 2 0
salesmee/internal/handlers/business/business.go:801.69,805.11 3 0
salesmee/internal/handlers/business/business.go:806.19,810.22 4 0
salesmee/internal/handlers/business/business.go:811.19,814.25 3 0
salesmee/internal/handlers/business/business.go:815.23,818.26 3 0
salesmee/internal/handlers/business/business.go:819.23,822.26 3 0
salesmee/internal/handlers/business/business.go:823.20,826.23 3 0
salesmee/internal/handlers/business/business.go:827.10,830.23 3 0
salesmee/internal/handlers/business/business.go:832.2,832.8 1 0
salesmee/internal/handlers/business/business.go:835.61,837.21 2 0
salesmee/internal/handlers/business/business.go:837.21,840.3 2 0
salesmee/internal/handlers/business/business.go:842.2,846.71 4 0
salesmee/internal/handlers/business/business.go:846.71,849.3 2 0
salesmee/internal/handlers/business/business.go:851.2,894.48 23 0
salesmee/internal/handlers/business/business_widgets.go:15.35,18.16 3 0
salesmee/internal/handlers/business/business_widgets.go:18.16,21.3 2 0
salesmee/internal/handlers/business/business_widgets.go:24.2,25.105 2 0
salesmee/internal/handlers/business/business_widgets.go:25.105,28.3 2 0
salesmee/internal/handlers/business/business_widgets.go:31.2,32.84 2 0
salesmee/internal/handlers/business/business_widgets.go:32.84,35.3 2 0
salesmee/internal/handlers/business/business_widgets.go:38.2,52.52 4 0
salesmee/internal/handlers/business/business_widgets.go:52.52,55.3 2 0
salesmee/internal/handlers/business/business_widgets.go:58.2,64.53 2 0
salesmee/internal/handlers/business/business_widgets.go:64.53,67.3 2 0
salesmee/internal/handlers/business/business_widgets.go:70.2,79.4 4 0
salesmee/internal/handlers/business/business_widgets.go:83.33,86.16 3 0
salesmee/internal/handlers/business/business_widgets.go:86.16,89.3 2 0
salesmee/internal/handlers/business/business_widgets.go:92.2,93.105 2 0
salesmee/internal/handlers/business/business_widgets.go:93.105,96.3 2 0
salesmee/internal/handlers/business/business_widgets.go:99.2,100.84 2 0
salesmee/internal/handlers/business/business_widgets.go:100.84,103.3 2 0
salesmee/internal/handlers/business/business_widgets.go:106.2,119.52 4 0
salesmee/internal/handlers/business/business_widgets.go:119.52,122.3 2 0
salesmee/internal/handlers/business/business_widgets.go:125.2,131.53 2 0
salesmee/internal/handlers/business/business_widgets.go:131.53,134.3 2 0
salesmee/internal/handlers/business/business_widgets.go:137.2,146.4 4 0
salesmee/internal/handlers/business/business_widgets.go:150.37,153.16 3 0
salesmee/internal/handlers/business/business_widgets.go:153.16,156.3 2 0
salesmee/internal/handlers/business/business_widgets.go:159.2,160.105 2 0
salesmee/internal/handlers/business/business_widgets.go:160.105,163.3 2 0
salesmee/internal/handlers/business/business_widgets.go:166.2,167.84 2 0
salesmee/internal/handlers/business/business_widgets.go:167.84,170.3 2 0
salesmee/internal/handlers/business/business_widgets.go:173.2,186.52 4 0
salesmee/internal/handlers/business/business_widgets.go:186.52,189.3 2 0
salesmee/internal/handlers/business/business_widgets.go:192.2,198.53 2 0
salesmee/internal/handlers/business/business_widgets.go:198.53,201.3 2 0
salesmee/internal/handlers/business/business_widgets.go:204.2,213.4 4 0
salesmee/internal/handlers/business/business_widgets.go:217.30,220.16 3 0
salesmee/internal/handlers/business/business_widgets.go:220.16,223.3 2 0
salesmee/internal/handlers/business/business_widgets.go:226.2,227.105 2 0
salesmee/internal/handlers/business/business_widgets.go:227.105,230.3 2 0
salesmee/internal/handlers/business/business_widgets.go:233.2,234.84 2 0
salesmee/internal/handlers/business/business_widgets.go:234.84,237.3 2 0
salesmee/internal/handlers/business/business_widgets.go:240.2,257.25 6 0
salesmee/internal/handlers/business/business_widgets.go:257.25,258.77 1 0
salesmee/internal/handlers/business/business_widgets.go:258.77,260.4 1 0
salesmee/internal/handlers/business/business_widgets.go:263.2,263.52 1 0
salesmee/internal/handlers/business/business_widgets.go:263.52,266.3 2 0
salesmee/internal/handlers/business/business_widgets.go:269.2,275.53 2 0
salesmee/internal/handlers/business/business_widgets.go:275.53,278.3 2 0
salesmee/internal/handlers/business/business_widgets.go:281.2,290.4 4 0
salesmee/internal/handlers/business/orders.go:16.55,18.21 2 0
salesmee/internal/handlers/business/orders.go:18.21,21.3 2 0
salesmee/internal/handlers/business/orders.go:23.2,35.51 2 0
salesmee/internal/handlers/business/orders.go:35.51,38.3 2 0
salesmee/internal/handlers/business/orders.go:41.2,42.118 2 0
salesmee/internal/handlers/business/orders.go:42.118,45.3 2 0
salesmee/internal/handlers/business/orders.go:48.2,48.38 1 0
salesmee/internal/handlers/business/orders.go:48.38,51.3 2 0
salesmee/internal/handlers/business/orders.go:54.2,55.26 2 0
salesmee/internal/handlers/business/orders.go:55.26,56.69 1 0
salesmee/internal/handlers/business/orders.go:56.69,59.4 2 0
salesmee/internal/handlers/business/orders.go:60.8,67.52 2 0
salesmee/internal/handlers/business/orders.go:67.52,70.4 2 0
salesmee/internal/handlers/business/orders.go:73.2,74.27 2 0
salesmee/internal/handlers/business/orders.go:74.27,76.3 1 0
salesmee/internal/handlers/business/orders.go:79.2,91.27 2 0
salesmee/internal/handlers/business/orders.go:91.27,93.3 1 0
salesmee/internal/handlers/business/orders.go:95.2,95.50 1 0
salesmee/internal/handlers/business/orders.go:95.50,98.3 2 0
salesmee/internal/handlers/business/orders.go:101.2,109.54 2 0
salesmee/internal/handlers/business/orders.go:109.54,112.3 2 0
salesmee/internal/handlers/business/orders.go:115.2,116.50 2 0
salesmee/internal/handlers/business/orders.go:116.50,119.3 2 0
salesmee/internal/handlers/business/orders.go:122.2,131.27 3 0
salesmee/internal/handlers/business/orders.go:131.27,140.3 2 0
salesmee/internal/handlers/business/orders.go:143.2,144.114 2 0
salesmee/internal/handlers/business/orders.go:144.114,146.3 1 0
salesmee/internal/handlers/business/orders.go:148.2,152.4 1 0
salesmee/internal/handlers/business/orders.go:155.53,157.21 2 0
salesmee/internal/handlers/business/orders.go:157.21,160.3 2 0
salesmee/internal/handlers/business/orders.go:162.2,163.71 2 0
salesmee/internal/handlers/business/orders.go:163.71,166.3 2 0
salesmee/internal/handlers/business/orders.go:168.2,177.31 7 0
salesmee/internal/handlers/business/orders.go:177.31,178.23 1 0
salesmee/internal/handlers/business/orders.go:179.16,180.16 1 0
salesmee/internal/handlers/business/orders.go:181.18,182.18 1 0
salesmee/internal/handlers/business/orders.go:183.27,184.26 1 0
salesmee/internal/handlers/business/orders.go:185.20,186.20 1 0
salesmee/internal/handlers/business/orders.go:187.20,188.20 1 0
salesmee/internal/handlers/business/orders.go:189.20,190.20 1 0
salesmee/internal/handlers/business/orders.go:192.3,192.36 1 0
salesmee/internal/handlers/business/orders.go:195.2,209.4 1 0
salesmee/internal/handlers/business/orders.go:212.58,214.21 2 0
salesmee/internal/handlers/business/orders.go:214.21,217.3 2 0
salesmee/internal/handlers/business/orders.go:219.2,220.71 2 0
salesmee/internal/handlers/business/orders.go:220.71,223.3 2 0
salesmee/internal/handlers/business/orders.go:225.2,234.31 7 0
salesmee/internal/handlers/business/orders.go:234.31,235.23 1 0
salesmee/internal/handlers/business/orders.go:236.16,237.16 1 0
salesmee/internal/handlers/business/orders.go:238.18,239.18 1 0
salesmee/internal/handlers/business/orders.go:240.27,241.26 1 0
salesmee/internal/handlers/business/orders.go:242.20,243.20 1 0
salesmee/internal/handlers/business/orders.go:244.20,245.20 1 0
salesmee/internal/handlers/business/orders.go:246.20,247.20 1 0
salesmee/internal/handlers/business/orders.go:249.3,249.36 1 0
salesmee/internal/handlers/business/orders.go:252.2,264.4 1 0
salesmee/internal/handlers/business/orders.go:267.62,269.21 2 0
salesmee/internal/handlers/business/orders.go:269.21,272.3 2 0
salesmee/internal/handlers/business/orders.go:274.2,275.71 2 0
salesmee/internal/handlers/business/orders.go:275.71,278.3 2 0
salesmee/internal/handlers/business/orders.go:280.2,289.31 7 0
salesmee/internal/handlers/business/orders.go:289.31,290.23 1 0
salesmee/internal/handlers/business/orders.go:291.16,292.16 1 0
salesmee/internal/handlers/business/orders.go:293.18,294.18 1 0
salesmee/internal/handlers/business/orders.go:295.27,296.26 1 0
salesmee/internal/handlers/business/orders.go:297.20,298.20 1 0
salesmee/internal/handlers/business/orders.go:299.20,300.20 1 0
salesmee/internal/handlers/business/orders.go:301.20,302.20 1 0
salesmee/internal/handlers/business/orders.go:304.3,304.36 1 0
salesmee/internal/handlers/business/orders.go:307.2,317.4 1 0
salesmee/internal/handlers/business/orders.go:320.61,322.21 2 0
salesmee/internal/handlers/business/orders.go:322.21,325.3 2 0
salesmee/internal/handlers/business/orders.go:327.2,332.51 3 0
salesmee/internal/handlers/business/orders.go:332.51,335.3 2 0
salesmee/internal/handlers/business/orders.go:337.2,338.101 2 0
salesmee/internal/handlers/business/orders.go:338.101,341.3 2 0
salesmee/internal/handlers/business/orders.go:343.2,344.48 2 0
salesmee/internal/handlers/business/orders.go:344.48,347.3 2 0
salesmee/internal/handlers/business/orders.go:349.2,350.119 2 0
salesmee/internal/handlers/business/orders.go:350.119,352.3 1 0
salesmee/internal/handlers/business/orders.go:354.2,354.63 1 0
salesmee/internal/handlers/business/orders.go:358.61,361.19 2 0
salesmee/internal/handlers/business/orders.go:361.19,364.3 2 0
salesmee/internal/handlers/business/orders.go:366.2,378.51 2 0
salesmee/internal/handlers/business/orders.go:378.51,381.3 2 0
salesmee/internal/handlers/business/orders.go:384.2,389.28 2 0
salesmee/internal/handlers/business/orders.go:389.28,394.38 2 0
salesmee/internal/handlers/business/orders.go:394.38,399.4 1 0
salesmee/internal/handlers/business/orders.go:400.8,401.54 1 0
salesmee/internal/handlers/business/orders.go:401.54,404.4 2 0
salesmee/internal/handlers/business/orders.go:405.3,408.64 1 0
salesmee/internal/handlers/business/orders.go:412.2,413.60 2 0
salesmee/internal/handlers/business/orders.go:413.60,416.3 2 0
salesmee/internal/handlers/business/orders.go:419.2,423.32 4 0
salesmee/internal/handlers/business/orders.go:423.32,425.68 2 0
salesmee/internal/handlers/business/orders.go:425.68,428.4 2 0
salesmee/internal/handlers/business/orders.go:429.3,429.29 1 0
salesmee/internal/handlers/business/orders.go:429.29,431.4 1 0
salesmee/internal/handlers/business/orders.go:432.3,439.5 3 0
salesmee/internal/handlers/business/orders.go:442.2,456.50 3 0
salesmee/internal/handlers/business/orders.go:456.50,459.3 2 0
salesmee/internal/handlers/business/orders.go:461.2,461.28 1 0
salesmee/internal/handlers/business/orders.go:461.28,463.3 1 0
salesmee/internal/handlers/business/orders.go:464.2,464.55 1 0
salesmee/internal/handlers/business/orders.go:464.55,467.3 2 0
salesmee/internal/handlers/business/orders.go:470.2,470.32 1 0
salesmee/internal/handlers/business/orders.go:470.32,481.3 5 0
salesmee/internal/handlers/business/orders.go:483.2,488.4 1 0
salesmee/internal/handlers/business/orders.go:492.55,497.16 4 0
salesmee/internal/handlers/business/orders.go:497.16,500.3 2 0
salesmee/internal/handlers/business/orders.go:502.2,503.128 2 0
salesmee/internal/handlers/business/orders.go:503.128,506.3 2 0
salesmee/internal/handlers/business/orders.go:508.2,517.51 2 0
salesmee/internal/handlers/business/orders.go:517.51,520.3 2 0
salesmee/internal/handlers/business/orders.go:522.2,522.29 1 0
salesmee/internal/handlers/business/orders.go:522.29,525.3 2 0
salesmee/internal/handlers/business/orders.go:528.2,528.43 1 0
salesmee/internal/handlers/business/orders.go:528.43,533.3 4 0
salesmee/internal/handlers/business/orders.go:536.2,542.37 4 0
salesmee/internal/handlers/business/orders.go:542.37,544.116 2 0
salesmee/internal/handlers/business/orders.go:544.116,547.4 2 0
salesmee/internal/handlers/business/orders.go:548.3,548.36 1 0
salesmee/internal/handlers/business/orders.go:548.36,551.4 2 0
salesmee/internal/handlers/business/orders.go:552.3,563.22 5 0
salesmee/internal/handlers/business/orders.go:567.2,571.35 4 0
salesmee/internal/handlers/business/orders.go:571.35,573.3 1 0
salesmee/internal/handlers/business/orders.go:574.2,577.48 3 0
salesmee/internal/handlers/business/orders.go:577.48,580.3 2 0
salesmee/internal/handlers/business/orders.go:583.2,583.28 1 0
salesmee/internal/handlers/business/orders.go:583.28,584.59 1 0
salesmee/internal/handlers/business/orders.go:584.59,587.4 2 0
salesmee/internal/handlers/business/orders.go:590.2,590.63 1 0
salesmee/internal/handlers/business/orders.go:593.35,595.2 1 0
salesmee/internal/handlers/business/orders.go:598.67,601.16 3 0
salesmee/internal/handlers/business/orders.go:601.16,604.3 2 0
salesmee/internal/handlers/business/orders.go:606.2,607.56 2 0
salesmee/internal/handlers/business/orders.go:607.56,610.3 2 0
salesmee/internal/handlers/business/orders.go:612.2,614.55 2 0
salesmee/internal/handlers/business/orders.go:614.55,617.3 2 0
salesmee/internal/handlers/business/orders.go:619.2,621.4 1 0
salesmee/internal/handlers/business/orders.go:624.67,627.16 3 0
salesmee/internal/handlers/business/orders.go:627.16,630.3 2 0
salesmee/internal/handlers/business/orders.go:632.2,633.56 2 0
salesmee/internal/handlers/business/orders.go:633.56,636.3 2 0
salesmee/internal/handlers/business/orders.go:638.2,640.55 2 0
salesmee/internal/handlers/business/orders.go:640.55,643.3 2 0
salesmee/internal/handlers/business/orders.go:645.2,647.4 1 0
salesmee/internal/handlers/business/orders.go:651.60,656.16 4 0
salesmee/internal/handlers/business/orders.go:656.16,659.3 2 0
salesmee/internal/handlers/business/orders.go:661.2,670.51 2 0
salesmee/internal/handlers/business/orders.go:670.51,673.3 2 0
salesmee/internal/handlers/business/orders.go:675.2,675.29 1 0
salesmee/internal/handlers/business/orders.go:675.29,678.3 2 0
salesmee/internal/handlers/business/orders.go:681.2,682.64 2 0
salesmee/internal/handlers/business/orders.go:682.64,685.3 2 0
salesmee/internal/handlers/business/orders.go:687.2,687.43 1 0
salesmee/internal/handlers/business/orders.go:687.43,690.3 2 0
salesmee/internal/handlers/business/orders.go:693.2,698.37 5 0
salesmee/internal/handlers/business/orders.go:698.37,700.116 2 0
salesmee/internal/handlers/business/orders.go:700.116,703.4 2 0
salesmee/internal/handlers/business/orders.go:704.3,704.36 1 0
salesmee/internal/handlers/business/orders.go:704.36,707.4 2 0
salesmee/internal/handlers/business/orders.go:708.3,708.29 1 0
salesmee/internal/handlers/business/orders.go:708.29,710.4 1 0
salesmee/internal/handlers/business/orders.go:711.3,719.5 4 0
salesmee/internal/handlers/business/orders.go:722.2,724.35 3 0
salesmee/internal/handlers/business/orders.go:724.35,726.3 1 0
salesmee/internal/handlers/business/orders.go:727.2,740.50 2 0
salesmee/internal/handlers/business/orders.go:740.50,743.3 2 0
salesmee/internal/handlers/business/orders.go:746.2,746.28 1 0
salesmee/internal/handlers/business/orders.go:746.28,748.3 1 0
salesmee/internal/handlers/business/orders.go:749.2,749.55 1 0
salesmee/internal/handlers/business/orders.go:749.55,752.3 2 0
salesmee/internal/handlers/business/orders.go:755.2,755.37 1 0
salesmee/internal/handlers/business/orders.go:755.37,766.3 5 0
salesmee/internal/handlers/business/orders.go:769.2,776.48 2 0
salesmee/internal/handlers/business/orders.go:776.48,779.3 2 0
salesmee/internal/handlers/business/orders.go:781.2,791.4 1 0
salesmee/internal/handlers/business/orders.go:795.61,800.16 4 0
salesmee/internal/handlers/business/orders.go:800.16,803.3 2 0
salesmee/internal/handlers/business/orders.go:805.2,806.106 2 0
salesmee/internal/handlers/business/orders.go:806.106,809.3 2 0
salesmee/internal/handlers/business/orders.go:811.2,811.29 1 0
salesmee/internal/handlers/business/orders.go:811.29,814.3 2 0
salesmee/internal/handlers/business/orders.go:816.2,823.119 7 0
salesmee/internal/handlers/business/orders.go:823.119,825.3 1 0
salesmee/internal/handlers/business/orders.go:827.2,834.4 1 0
salesmee/internal/handlers/business/orders.go:838.64,843.16 4 0
salesmee/internal/handlers/business/orders.go:843.16,846.3 2 0
salesmee/internal/handlers/business/orders.go:848.2,849.106 2 0
salesmee/internal/handlers/business/orders.go:849.106,852.3 2 0
salesmee/internal/handlers/business/orders.go:854.2,854.69 1 0
salesmee/internal/handlers/business/orders.go:854.69,857.3 2 0
salesmee/internal/handlers/business/orders.go:859.2,867.119 8 0
salesmee/internal/handlers/business/orders.go:867.119,869.3 1 0
salesmee/internal/handlers/business/orders.go:871.2,875.4 1 0
salesmee/internal/handlers/business/orders.go:879.55,884.16 4 0
salesmee/internal/handlers/business/orders.go:884.16,887.3 2 0
salesmee/internal/handlers/business/orders.go:889.2,890.106 2 0
salesmee/internal/handlers/business/orders.go:890.106,893.3 2 0
salesmee/internal/handlers/business/orders.go:895.2,895.64 1 0
salesmee/internal/handlers/business/orders.go:895.64,898.3 2 0
salesmee/internal/handlers/business/orders.go:900.2,905.119 5 0
salesmee/internal/handlers/business/orders.go:905.119,907.3 1 0
salesmee/internal/handlers/business/orders.go:909.2,913.4 1 0
salesmee/internal/handlers/business/orders.go:917.56,922.16 4 0
salesmee/internal/handlers/business/orders.go:922.16,925.3 2 0
salesmee/internal/handlers/business/orders.go:927.2,928.106 2 0
salesmee/internal/handlers/business/orders.go:928.106,931.3 2 0
salesmee/internal/handlers/business/orders.go:933.2,933.33 1 0
salesmee/internal/handlers/business/orders.go:933.33,936.3 2 0
salesmee/internal/handlers/business/orders.go:938.2,941.48 4 0
salesmee/internal/handlers/business/orders.go:941.48,944.3 2 0
salesmee/internal/handlers/business/orders.go:946.2,947.119 2 0
salesmee/internal/handlers/business/orders.go:947.119,949.3 1 0
salesmee/internal/handlers/business/orders.go:951.2,954.4 1 0
salesmee/internal/handlers/business/orders.go:958.59,960.21 2 0
salesmee/internal/handlers/business/orders.go:960.21,963.3 2 0
salesmee/internal/handlers/business/orders.go:965.2,966.16 2 0
salesmee/internal/handlers/business/orders.go:966.16,969.3 2 0
salesmee/internal/handlers/business/orders.go:971.2,972.194 2 0
salesmee/internal/handlers/business/orders.go:972.194,975.3 2 0
salesmee/internal/handlers/business/orders.go:977.2,977.64 1 0
salesmee/internal/handlers/business/orders.go:977.64,980.3 2 0
salesmee/internal/handlers/business/orders.go:982.2,985.4 1 0
salesmee/internal/handlers/business/orders.go:989.59,991.21 2 0
salesmee/internal/handlers/business/orders.go:991.21,994.3 2 0
salesmee/internal/handlers/business/orders.go:996.2,1000.106 4 0
salesmee/internal/handlers/business/orders.go:1000.106,1003.3 2 0
salesmee/internal/handlers/business/orders.go:1005.2,1005.33 1 0
salesmee/internal/handlers/business/orders.go:1005.33,1008.3 2 0
salesmee/internal/handlers/business/orders.go:1010.2,1026.119 6 0
salesmee/internal/handlers/business/orders.go:1026.119,1028.3 1 0
salesmee/internal/handlers/business/orders.go:1030.2,1033.4 1 0
salesmee/internal/handlers/business/orders.go:1037.182,1039.34 2 0
salesmee/internal/handlers/business/orders.go:1039.34,1048.27 2 0
salesmee/internal/handlers/business/orders.go:1048.27,1050.4 1 0
salesmee/internal/handlers/business/orders.go:1051.3,1051.33 1 0
salesmee/internal/handlers/business/orders.go:1054.2,1057.22 3 0
salesmee/internal/handlers/business/orders.go:1058.15,1060.18 2 0
salesmee/internal/handlers/business/orders.go:1061.17,1062.61 1 0
salesmee/internal/handlers/business/orders.go:1062.61,1065.4 2 0
salesmee/internal/handlers/business/orders.go:1065.9,1065.68 1 0
salesmee/internal/handlers/business/orders.go:1065.68,1068.4 2 0
salesmee/internal/handlers/business/orders.go:1068.9,1071.4 2 0
salesmee/internal/handlers/business/orders.go:1072.26,1074.19 2 0
salesmee/internal/handlers/business/orders.go:1075.19,1077.19 2 0
salesmee/internal/handlers/business/orders.go:1078.19,1080.19 2 0
salesmee/internal/handlers/business/orders.go:1081.19,1083.19 2 0
salesmee/internal/handlers/business/orders.go:1084.10,1086.19 2 0
salesmee/internal/handlers/business/orders.go:1089.2,1089.53 1 0
salesmee/internal/handlers/business/orders.go:1089.53,1091.3 1 0
salesmee/internal/handlers/business/orders.go:1093.2,1094.19 2 0
salesmee/internal/handlers/business/orders.go:1094.19,1096.3 1 0
salesmee/internal/handlers/business/orders.go:1098.2,1119.3 1 0
salesmee/internal/handlers/business/payments.go:16.69,20.64 3 0
salesmee/internal/handlers/business/payments.go:20.64,23.3 2 0
salesmee/internal/handlers/business/payments.go:25.2,26.97 2 0
salesmee/internal/handlers/business/payments.go:26.97,29.3 2 0
salesmee/internal/handlers/business/payments.go:31.2,31.47 1 0
salesmee/internal/handlers/business/payments.go:35.68,37.19 2 0
salesmee/internal/handlers/business/payments.go:37.19,40.3 2 0
salesmee/internal/handlers/business/payments.go:42.2,44.16 3 0
salesmee/internal/handlers/business/payments.go:44.16,47.3 2 0
salesmee/internal/handlers/business/payments.go:49.2,50.102 2 0
salesmee/internal/handlers/business/payments.go:50.102,53.3 2 0
salesmee/internal/handlers/business/payments.go:55.2,55.102 1 0
salesmee/internal/handlers/business/payments.go:55.102,58.3 2 0
salesmee/internal/handlers/business/payments.go:60.2,67.51 2 0
salesmee/internal/handlers/business/payments.go:67.51,70.3 2 0
salesmee/internal/handlers/business/payments.go:72.2,73.55 2 0
salesmee/internal/handlers/business/payments.go:73.55,78.3 2 0
salesmee/internal/handlers/business/payments.go:80.2,90.52 2 0
salesmee/internal/handlers/business/payments.go:90.52,93.3 2 0
salesmee/internal/handlers/business/payments.go:95.2,99.4 1 0
salesmee/internal/handlers/business/payments.go:103.70,105.19 2 0
salesmee/internal/handlers/business/payments.go:105.19,108.3 2 0
salesmee/internal/handlers/business/payments.go:110.2,112.16 3 0
salesmee/internal/handlers/business/payments.go:112.16,115.3 2 0
salesmee/internal/handlers/business/payments.go:117.2,118.106 2 0
salesmee/internal/handlers/business/payments.go:118.106,121.3 2 0
salesmee/internal/handlers/business/payments.go:123.2,123.75 1 0
salesmee/internal/handlers/business/payments.go:123.75,126.3 2 0
salesmee/internal/handlers/business/payments.go:128.2,135.51 2 0
salesmee/internal/handlers/business/payments.go:135.51,138.3 2 0
salesmee/internal/handlers/business/payments.go:140.2,141.55 2 0
salesmee/internal/handlers/business/payments.go:141.55,146.3 2 0
salesmee/internal/handlers/business/payments.go:148.2,158.52 2 0
salesmee/internal/handlers/business/payments.go:158.52,161.3 2 0
salesmee/internal/handlers/business/payments.go:163.2,167.4 1 0
salesmee/internal/handlers/business/payments.go:171.63,173.21 2 0
salesmee/internal/handlers/business/payments.go:173.21,176.3 2 0
salesmee/internal/handlers/business/payments.go:178.2,185.106 6 0
salesmee/internal/handlers/business/payments.go:185.106,188.3 2 0
salesmee/internal/handlers/business/payments.go:190.2,191.104 2 0
salesmee/internal/handlers/business/payments.go:191.104,194.3 2 0
salesmee/internal/handlers/business/payments.go:196.2,196.33 1 0
salesmee/internal/handlers/business/payments.go:196.33,199.3 2 0
salesmee/internal/handlers/business/payments.go:201.2,205.50 4 0
salesmee/internal/handlers/business/payments.go:205.50,208.3 2 0
salesmee/internal/handlers/business/payments.go:210.2,221.4 4 0
salesmee/internal/handlers/business/payments.go:225.62,227.21 2 0
salesmee/internal/handlers/business/payments.go:227.21,230.3 2 0
salesmee/internal/handlers/business/payments.go:232.2,239.106 6 0
salesmee/internal/handlers/business/payments.go:239.106,242.3 2 0
salesmee/internal/handlers/business/payments.go:244.2,245.104 2 0
salesmee/internal/handlers/business/payments.go:245.104,248.3 2 0
salesmee/internal/handlers/business/payments.go:250.2,250.33 1 0
salesmee/internal/handlers/business/payments.go:250.33,253.3 2 0
salesmee/internal/handlers/business/payments.go:255.2,263.4 4 0
salesmee/internal/handlers/business/payments.go:267.65,269.21 2 0
salesmee/internal/handlers/business/payments.go:269.21,272.3 2 0
salesmee/internal/handlers/business/payments.go:274.2,281.110 6 0
salesmee/internal/handlers/business/payments.go:281.110,284.3 2 0
salesmee/internal/handlers/business/payments.go:286.2,287.108 2 0
salesmee/internal/handlers/business/payments.go:287.108,290.3 2 0
salesmee/internal/handlers/business/payments.go:292.2,292.33 1 0
salesmee/internal/handlers/business/payments.go:292.33,295.3 2 0
salesmee/internal/handlers/business/payments.go:297.2,313.4 8 0
salesmee/internal/handlers/business/payments.go:317.64,319.21 2 0
salesmee/internal/handlers/business/payments.go:319.21,322.3 2 0
salesmee/internal/handlers/business/payments.go:324.2,331.110 6 0
salesmee/internal/handlers/business/payments.go:331.110,334.3 2 0
salesmee/internal/handlers/business/payments.go:336.2,337.108 2 0
salesmee/internal/handlers/business/payments.go:337.108,340.3 2 0
salesmee/internal/handlers/business/payments.go:342.2,342.33 1 0
salesmee/internal/handlers/business/payments.go:342.33,345.3 2 0
salesmee/internal/handlers/business/payments.go:347.2,355.4 4 0
salesmee/internal/handlers/business/payments.go:359.55,363.64 3 0
salesmee/internal/handlers/business/payments.go:363.64,366.3 2 0
salesmee/internal/handlers/business/payments.go:369.2,377.46 6 0
salesmee/internal/handlers/business/payments.go:377.46,379.47 2 0
salesmee/internal/handlers/business/payments.go:379.47,381.4 1 0
salesmee/internal/handlers/business/payments.go:381.9,381.31 1 0
salesmee/internal/handlers/business/payments.go:381.31,383.4 1 0
salesmee/internal/handlers/business/payments.go:383.9,385.4 1 0
salesmee/internal/handlers/business/payments.go:386.3,386.49 1 0
salesmee/internal/handlers/business/payments.go:390.2,401.23 5 0
salesmee/internal/handlers/business/payments.go:401.23,404.28 3 0
salesmee/internal/handlers/business/payments.go:404.28,406.4 1 0
salesmee/internal/handlers/business/payments.go:409.2,410.25 2 0
salesmee/internal/handlers/business/payments.go:410.25,413.30 3 0
salesmee/internal/handlers/business/payments.go:413.30,415.4 1 0
salesmee/internal/handlers/business/payments.go:418.2,418.29 1 0
salesmee/internal/handlers/business/payments.go:418.29,423.23 2 0
salesmee/internal/handlers/business/payments.go:423.23,424.41 1 0
salesmee/internal/handlers/business/payments.go:424.41,427.5 2 0
salesmee/internal/handlers/business/payments.go:428.9,428.32 1 0
salesmee/internal/handlers/business/payments.go:428.32,429.45 1 0
salesmee/internal/handlers/business/payments.go:429.45,432.5 2 0
salesmee/internal/handlers/business/payments.go:434.3,436.19 2 0
salesmee/internal/handlers/business/payments.go:437.20,438.30 1 0
salesmee/internal/handlers/business/payments.go:439.18,440.28 1 0
salesmee/internal/handlers/business/payments.go:441.17,442.27 1 0
salesmee/internal/handlers/business/payments.go:447.2,468.4 7 0
salesmee/internal/handlers/business/payments.go:471.60,475.64 3 0
salesmee/internal/handlers/business/payments.go:475.64,478.3 2 0
salesmee/internal/handlers/business/payments.go:480.2,491.46 9 0
salesmee/internal/handlers/business/payments.go:491.46,493.47 2 0
salesmee/internal/handlers/business/payments.go:493.47,495.4 1 0
salesmee/internal/handlers/business/payments.go:495.9,495.31 1 0
salesmee/internal/handlers/business/payments.go:495.31,497.4 1 0
salesmee/internal/handlers/business/payments.go:497.9,499.4 1 0
salesmee/internal/handlers/business/payments.go:500.3,500.49 1 0
salesmee/internal/handlers/business/payments.go:503.2,514.23 5 0
salesmee/internal/handlers/business/payments.go:514.23,517.28 3 0
salesmee/internal/handlers/business/payments.go:517.28,519.4 1 0
salesmee/internal/handlers/business/payments.go:522.2,523.25 2 0
salesmee/internal/handlers/business/payments.go:523.25,526.30 3 0
salesmee/internal/handlers/business/payments.go:526.30,528.4 1 0
salesmee/internal/handlers/business/payments.go:531.2,531.29 1 0
salesmee/internal/handlers/business/payments.go:531.29,536.23 2 0
salesmee/internal/handlers/business/payments.go:536.23,537.41 1 0
salesmee/internal/handlers/business/payments.go:537.41,540.5 2 0
salesmee/internal/handlers/business/payments.go:541.9,541.32 1 0
salesmee/internal/handlers/business/payments.go:541.32,542.45 1 0
salesmee/internal/handlers/business/payments.go:542.45,545.5 2 0
salesmee/internal/handlers/business/payments.go:547.3,549.19 2 0
salesmee/internal/handlers/business/payments.go:550.20,551.30 1 0
salesmee/internal/handlers/business/payments.go:552.18,553.28 1 0
salesmee/internal/handlers/business/payments.go:554.17,555.27 1 0
salesmee/internal/handlers/business/payments.go:559.2,576.4 6 0
salesmee/internal/handlers/business/payments.go:580.67,582.21 2 0
salesmee/internal/handlers/business/payments.go:582.21,585.3 2 0
salesmee/internal/handlers/business/payments.go:587.2,591.106 4 0
salesmee/internal/handlers/business/payments.go:591.106,594.3 2 0
salesmee/internal/handlers/business/payments.go:596.2,599.31 3 0
salesmee/internal/handlers/business/payments.go:599.31,602.3 2 0
salesmee/internal/handlers/business/payments.go:604.2,606.42 3 0
salesmee/internal/handlers/business/payments.go:606.42,611.3 4 0
salesmee/internal/handlers/business/payments.go:613.2,623.4 4 0
salesmee/internal/handlers/business/payments.go:627.69,629.21 2 0
salesmee/internal/handlers/business/payments.go:629.21,632.3 2 0
salesmee/internal/handlers/business/payments.go:634.2,638.110 4 0
salesmee/internal/handlers/business/payments.go:638.110,641.3 2 0
salesmee/internal/handlers/business/payments.go:643.2,646.31 3 0
salesmee/internal/handlers/business/payments.go:646.31,649.3 2 0
salesmee/internal/handlers/business/payments.go:651.2,653.42 3 0
salesmee/internal/handlers/business/payments.go:653.42,658.3 4 0
salesmee/internal/handlers/business/payments.go:660.2,670.4 4 0
salesmee/internal/handlers/business/payments.go:674.60,679.16 4 0
salesmee/internal/handlers/business/payments.go:679.16,682.3 2 0
salesmee/internal/handlers/business/payments.go:684.2,685.106 2 0
salesmee/internal/handlers/business/payments.go:685.106,688.3 2 0
salesmee/internal/handlers/business/payments.go:690.2,704.4 5 0
salesmee/internal/handlers/business/payments.go:708.62,713.16 4 0
salesmee/internal/handlers/business/payments.go:713.16,716.3 2 0
salesmee/internal/handlers/business/payments.go:718.2,719.110 2 0
salesmee/internal/handlers/business/payments.go:719.110,722.3 2 0
salesmee/internal/handlers/business/payments.go:724.2,738.4 5 0
salesmee/internal/handlers/business/payments.go:742.104,746.34 3 0
salesmee/internal/handlers/business/payments.go:746.34,756.28 2 0
salesmee/internal/handlers/business/payments.go:756.28,758.4 1 0
salesmee/internal/handlers/business/payments.go:758.9,760.4 1 0
salesmee/internal/handlers/business/payments.go:763.2,770.3 1 0
salesmee/internal/handlers/business/payments.go:774.61,784.2 4 0
salesmee/internal/handlers/business/payments.go:787.63,797.47 3 0
salesmee/internal/handlers/business/payments.go:797.47,800.3 2 0
salesmee/internal/handlers/business/payments.go:802.2,802.24 1 0
salesmee/internal/handlers/business/payments.go:802.24,804.3 1 0
salesmee/internal/handlers/business/payments.go:806.2,815.51 2 0
salesmee/internal/handlers/business/payments.go:815.51,818.3 2 0
salesmee/internal/handlers/business/payments.go:820.2,823.4 1 0
salesmee/internal/handlers/business/payments.go:827.63,833.102 5 0
salesmee/internal/handlers/business/payments.go:833.102,836.3 2 0
salesmee/internal/handlers/business/payments.go:838.2,846.47 2 0
salesmee/internal/handlers/business/payments.go:846.47,849.3 2 0
salesmee/internal/handlers/business/payments.go:851.2,851.27 1 0
salesmee/internal/handlers/business/payments.go:851.27,853.3 1 0
salesmee/internal/handlers/business/payments.go:854.2,854.22 1 0
salesmee/internal/handlers/business/payments.go:854.22,856.3 1 0
salesmee/internal/handlers/business/payments.go:857.2,857.24 1 0
salesmee/internal/handlers/business/payments.go:857.24,859.3 1 0
salesmee/internal/handlers/business/payments.go:860.2,860.25 1 0
salesmee/internal/handlers/business/payments.go:860.25,862.3 1 0
salesmee/internal/handlers/business/payments.go:863.2,863.26 1 0
salesmee/internal/handlers/business/payments.go:863.26,865.3 1 0
salesmee/internal/handlers/business/payments.go:867.2,867.49 1 0
salesmee/internal/handlers/business/payments.go:867.49,870.3 2 0
salesmee/internal/handlers/business/payments.go:872.2,875.4 1 0
salesmee/internal/handlers/business/payments.go:879.63,885.102 5 0
salesmee/internal/handlers/business/payments.go:885.102,888.3 2 0
salesmee/internal/handlers/business/payments.go:890.2,890.51 1 0
salesmee/internal/handlers/business/payments.go:890.51,893.3 2 0
salesmee/internal/handlers/business/payments.go:895.2,895.47 1 0
salesmee/internal/handlers/business/payments.go:898.64,902.64 3 0
salesmee/internal/handlers/business/payments.go:902.64,905.3 2 0
salesmee/internal/handlers/business/payments.go:907.2,918.46 9 0
salesmee/internal/handlers/business/payments.go:918.46,920.47 2 0
salesmee/internal/handlers/business/payments.go:920.47,922.4 1 0
salesmee/internal/handlers/business/payments.go:922.9,922.31 1 0
salesmee/internal/handlers/business/payments.go:922.31,924.4 1 0
salesmee/internal/handlers/business/payments.go:924.9,926.4 1 0
salesmee/internal/handlers/business/payments.go:927.3,927.49 1 0
salesmee/internal/handlers/business/payments.go:930.2,931.29 2 0
salesmee/internal/handlers/business/payments.go:931.29,932.19 1 0
salesmee/internal/handlers/business/payments.go:933.20,934.30 1 0
salesmee/internal/handlers/business/payments.go:935.18,936.28 1 0
salesmee/internal/handlers/business/payments.go:937.17,938.27 1 0
salesmee/internal/handlers/business/payments.go:942.2,952.4 4 0
salesmee/internal/handlers/business/payments.go:955.45,957.2 1 0
salesmee/internal/handlers/business/products.go:20.55,22.21 2 0
salesmee/internal/handlers/business/products.go:22.21,25.3 2 0
salesmee/internal/handlers/business/products.go:27.2,28.71 2 0
salesmee/internal/handlers/business/products.go:28.71,31.3 2 0
salesmee/internal/handlers/business/products.go:33.2,34.52 2 0
salesmee/internal/handlers/business/products.go:34.52,36.3 1 0
salesmee/internal/handlers/business/products.go:38.2,44.4 1 0
salesmee/internal/handlers/business/products.go:47.57,49.21 2 0
salesmee/internal/handlers/business/products.go:49.21,52.3 2 0
salesmee/internal/handlers/business/products.go:54.2,55.51 2 0
salesmee/internal/handlers/business/products.go:55.51,58.3 2 0
salesmee/internal/handlers/business/products.go:60.2,63.52 3 0
salesmee/internal/handlers/business/products.go:63.52,66.3 2 0
salesmee/internal/handlers/business/products.go:68.2,68.67 1 0
salesmee/internal/handlers/business/products.go:71.54,73.21 2 0
salesmee/internal/handlers/business/products.go:73.21,76.3 2 0
salesmee/internal/handlers/business/products.go:78.2,79.16 2 0
salesmee/internal/handlers/business/products.go:79.16,82.3 2 0
salesmee/internal/handlers/business/products.go:84.2,85.62 2 0
salesmee/internal/handlers/business/products.go:85.62,87.3 1 0
salesmee/internal/handlers/business/products.go:87.98,90.3 2 0
salesmee/internal/handlers/business/products.go:92.2,92.67 1 0
salesmee/internal/handlers/business/products.go:95.57,97.21 2 0
salesmee/internal/handlers/business/products.go:97.21,100.3 2 0
salesmee/internal/handlers/business/products.go:102.2,103.16 2 0
salesmee/internal/handlers/business/products.go:103.16,106.3 2 0
salesmee/internal/handlers/business/products.go:108.2,109.62 2 0
salesmee/internal/handlers/business/products.go:109.62,111.3 1 0
salesmee/internal/handlers/business/products.go:111.98,114.3 2 0
salesmee/internal/handlers/business/products.go:116.2,116.51 1 0
salesmee/internal/handlers/business/products.go:116.51,119.3 2 0
salesmee/internal/handlers/business/products.go:121.2,121.50 1 0
salesmee/internal/handlers/business/products.go:121.50,124.3 2 0
salesmee/internal/handlers/business/products.go:126.2,126.67 1 0
salesmee/internal/handlers/business/products.go:129.57,131.21 2 0
salesmee/internal/handlers/business/products.go:131.21,134.3 2 0
salesmee/internal/handlers/business/products.go:136.2,137.16 2 0
salesmee/internal/handlers/business/products.go:137.16,140.3 2 0
salesmee/internal/handlers/business/products.go:142.2,143.110 2 0
salesmee/internal/handlers/business/products.go:143.110,146.3 2 0
salesmee/internal/handlers/business/products.go:148.2,151.29 3 0
salesmee/internal/handlers/business/products.go:151.29,154.68 3 0
salesmee/internal/handlers/business/products.go:154.69,156.4 0 0
salesmee/internal/handlers/business/products.go:158.2,161.47 3 0
salesmee/internal/handlers/business/products.go:164.62,166.21 2 0
salesmee/internal/handlers/business/products.go:166.21,169.3 2 0
salesmee/internal/handlers/business/products.go:171.2,172.16 2 0
salesmee/internal/handlers/business/products.go:172.16,175.3 2 0
salesmee/internal/handlers/business/products.go:177.2,178.110 2 0
salesmee/internal/handlers/business/products.go:178.110,181.3 2 0
salesmee/internal/handlers/business/products.go:183.2,184.16 2 0
salesmee/internal/handlers/business/products.go:184.16,187.3 2 0
salesmee/internal/handlers/business/products.go:188.2,191.89 3 0
salesmee/internal/handlers/business/products.go:191.89,194.3 2 0
salesmee/internal/handlers/business/products.go:196.2,196.31 1 0
salesmee/internal/handlers/business/products.go:196.31,199.3 2 0
salesmee/internal/handlers/business/products.go:201.2,202.53 2 0
salesmee/internal/handlers/business/products.go:202.53,205.3 2 0
salesmee/internal/handlers/business/products.go:207.2,209.16 3 0
salesmee/internal/handlers/business/products.go:209.16,212.3 2 0
salesmee/internal/handlers/business/products.go:213.2,215.46 2 0
salesmee/internal/handlers/business/products.go:215.46,218.3 2 0
salesmee/internal/handlers/business/products.go:220.2,232.28 6 0
salesmee/internal/handlers/business/products.go:232.28,234.3 1 0
salesmee/internal/handlers/business/products.go:236.2,236.99 1 0
salesmee/internal/handlers/business/products.go:239.60,241.21 2 0
salesmee/internal/handlers/business/products.go:241.21,244.3 2 0
salesmee/internal/handlers/business/products.go:246.2,247.16 2 0
salesmee/internal/handlers/business/products.go:247.16,250.3 2 0
salesmee/internal/handlers/business/products.go:252.2,253.110 2 0
salesmee/internal/handlers/business/products.go:253.110,256.3 2 0
salesmee/internal/handlers/business/products.go:258.2,261.48 3 0
salesmee/internal/handlers/business/products.go:261.48,268.3 1 0
salesmee/internal/handlers/business/products.go:270.2,270.65 1 0
salesmee/internal/handlers/business/products.go:273.62,275.21 2 0
salesmee/internal/handlers/business/products.go:275.21,278.3 2 0
salesmee/internal/handlers/business/products.go:280.2,281.16 2 0
salesmee/internal/handlers/business/products.go:281.16,284.3 2 0
salesmee/internal/handlers/business/products.go:286.2,287.16 2 0
salesmee/internal/handlers/business/products.go:287.16,290.3 2 0
salesmee/internal/handlers/business/products.go:292.2,293.110 2 0
salesmee/internal/handlers/business/products.go:293.110,296.3 2 0
salesmee/internal/handlers/business/products.go:298.2,299.104 2 0
salesmee/internal/handlers/business/products.go:299.104,302.3 2 0
salesmee/internal/handlers/business/products.go:304.2,306.40 2 0
salesmee/internal/handlers/business/products.go:306.40,308.114 2 0
salesmee/internal/handlers/business/products.go:308.114,310.4 1 0
salesmee/internal/handlers/business/products.go:310.9,312.4 1 0
salesmee/internal/handlers/business/products.go:315.2,315.47 1 0
salesmee/internal/handlers/business/products.go:319.63,321.16 2 0
salesmee/internal/handlers/business/products.go:321.16,324.3 2 0
salesmee/internal/handlers/business/products.go:326.2,327.112 2 0
salesmee/internal/handlers/business/products.go:327.112,330.3 2 0
salesmee/internal/handlers/business/products.go:332.2,332.33 1 0
salesmee/internal/handlers/business/products.go:335.66,337.19 2 0
salesmee/internal/handlers/business/products.go:337.19,340.3 2 0
salesmee/internal/handlers/business/products.go:342.2,343.16 2 0
salesmee/internal/handlers/business/products.go:343.16,346.3 2 0
salesmee/internal/handlers/business/products.go:348.2,349.64 2 0
salesmee/internal/handlers/business/products.go:349.64,352.3 2 0
salesmee/internal/handlers/business/products.go:354.2,355.52 2 0
salesmee/internal/handlers/business/products.go:355.52,357.3 1 0
salesmee/internal/handlers/business/products.go:359.2,366.4 3 0
salesmee/internal/handlers/business/products.go:369.66,371.19 2 0
salesmee/internal/handlers/business/products.go:371.19,374.3 2 0
salesmee/internal/handlers/business/products.go:376.2,377.16 2 0
salesmee/internal/handlers/business/products.go:377.16,380.3 2 0
salesmee/internal/handlers/business/products.go:382.2,383.102 2 0
salesmee/internal/handlers/business/products.go:383.102,386.3 2 0
salesmee/internal/handlers/business/products.go:388.2,391.48 3 0
salesmee/internal/handlers/business/products.go:391.48,398.3 1 0
salesmee/internal/handlers/business/products.go:400.2,400.65 1 0
salesmee/internal/handlers/business/profile_change_store.go:34.13,36.2 1 1
salesmee/internal/handlers/business/profile_change_store.go:38.40,39.6 1 1
salesmee/internal/handlers/business/profile_change_store.go:39.6,42.36 3 1
salesmee/internal/handlers/business/profile_change_store.go:42.36,43.38 1 0
salesmee/internal/handlers/business/profile_change_store.go:43.38,45.5 1 0
salesmee/internal/handlers/business/profile_change_store.go:47.3,47.16 1 0
salesmee/internal/handlers/business/profile_change_store.go:51.70,56.17 4 0
salesmee/internal/handlers/business/profile_change_store.go:56.17,61.3 4 0
salesmee/internal/handlers/business/profile_change_store.go:63.2,65.14 3 0
salesmee/internal/handlers/business/profile_change_store.go:68.78,73.9 4 0
salesmee/internal/handlers/business/profile_change_store.go:73.9,75.3 1 0
salesmee/internal/handlers/business/profile_change_store.go:76.2,76.36 1 0
salesmee/internal/handlers/business/profile_change_store.go:76.36,78.3 1 0
salesmee/internal/handlers/business/profile_change_store.go:79.2,79.19 1 0
salesmee/internal/handlers/business/profile_change_store.go:82.51,87.2 3 0
salesmee/internal/handlers/business/public.go:15.39,19.120 3 0
salesmee/internal/handlers/business/public.go:19.120,25.3 2 0
salesmee/internal/handlers/business/public.go:27.2,44.5 7 0
salesmee/internal/handlers/business/public.go:56.34,60.77 3 0
salesmee/internal/handlers/business/public.go:60.77,66.3 2 0
salesmee/internal/handlers/business/public.go:68.2,71.5 1 0
salesmee/internal/handlers/business/public.go:74.37,78.77 3 0
salesmee/internal/handlers/business/public.go:78.77,81.3 2 0
salesmee/internal/handlers/business/public.go:83.2,84.17 2 0
salesmee/internal/handlers/business/public.go:84.17,91.3 2 0
salesmee/internal/handlers/business/public.go:93.2,95.16 3 0
salesmee/internal/handlers/business/public.go:95.16,103.53 3 0
salesmee/internal/handlers/business/public.go:103.53,110.4 2 0
salesmee/internal/handlers/business/public.go:113.2,114.16 2 0
salesmee/internal/handlers/business/public.go:114.16,121.3 2 0
salesmee/internal/handlers/business/public.go:123.2,127.5 1 0
salesmee/internal/handlers/business/public.go:130.39,134.77 3 0
salesmee/internal/handlers/business/public.go:134.77,137.3 2 0
salesmee/internal/handlers/business/public.go:139.2,142.34 3 0
salesmee/internal/handlers/business/public.go:142.34,150.3 2 0
salesmee/internal/handlers/business/public.go:152.2,153.16 2 0
salesmee/internal/handlers/business/public.go:153.16,161.3 2 0
salesmee/internal/handlers/business/public.go:163.2,174.16 7 0
salesmee/internal/handlers/business/public.go:174.16,181.3 2 0
salesmee/internal/handlers/business/public.go:183.2,184.82 2 0
salesmee/internal/handlers/business/services.go:12.63,14.16 2 0
salesmee/internal/handlers/business/services.go:14.16,17.3 2 0
salesmee/internal/handlers/business/services.go:19.2,20.112 2 0
salesmee/internal/handlers/business/services.go:20.112,23.3 2 0
salesmee/internal/handlers/business/services.go:25.2,25.33 1 0
salesmee/internal/handlers/business/services.go:29.55,31.21 2 0
salesmee/internal/handlers/business/services.go:31.21,34.3 2 0
salesmee/internal/handlers/business/services.go:36.2,37.71 2 0
salesmee/internal/handlers/business/services.go:37.71,40.3 2 0
salesmee/internal/handlers/business/services.go:42.2,51.4 3 0
salesmee/internal/handlers/business/services.go:54.57,56.21 2 0
salesmee/internal/handlers/business/services.go:56.21,59.3 2 0
salesmee/internal/handlers/business/services.go:61.2,62.51 2 0
salesmee/internal/handlers/business/services.go:62.51,65.3 2 0
salesmee/internal/handlers/business/services.go:67.2,70.52 3 0
salesmee/internal/handlers/business/services.go:70.52,73.3 2 0
salesmee/internal/handlers/business/services.go:75.2,75.67 1 0
salesmee/internal/handlers/business/services.go:78.54,80.21 2 0
salesmee/internal/handlers/business/services.go:80.21,83.3 2 0
salesmee/internal/handlers/business/services.go:85.2,86.16 2 0
salesmee/internal/handlers/business/services.go:86.16,89.3 2 0
salesmee/internal/handlers/business/services.go:91.2,92.110 2 0
salesmee/internal/handlers/business/services.go:92.110,95.3 2 0
salesmee/internal/handlers/business/services.go:97.2,97.67 1 0
salesmee/internal/handlers/business/services.go:100.57,102.21 2 0
salesmee/internal/handlers/business/services.go:102.21,105.3 2 0
salesmee/internal/handlers/business/services.go:107.2,108.16 2 0
salesmee/internal/handlers/business/services.go:108.16,111.3 2 0
salesmee/internal/handlers/business/services.go:113.2,114.110 2 0
salesmee/internal/handlers/business/services.go:114.110,117.3 2 0
salesmee/internal/handlers/business/services.go:119.2,119.51 1 0
salesmee/internal/handlers/business/services.go:119.51,122.3 2 0
salesmee/internal/handlers/business/services.go:124.2,124.50 1 0
salesmee/internal/handlers/business/services.go:124.50,127.3 2 0
salesmee/internal/handlers/business/services.go:129.2,129.67 1 0
salesmee/internal/handlers/business/services.go:132.57,134.21 2 0
salesmee/internal/handlers/business/services.go:134.21,137.3 2 0
salesmee/internal/handlers/business/services.go:139.2,140.16 2 0
salesmee/internal/handlers/business/services.go:140.16,143.3 2 0
salesmee/internal/handlers/business/services.go:145.2,145.120 1 0
salesmee/internal/handlers/business/services.go:145.120,148.3 2 0
salesmee/internal/handlers/business/services.go:150.2,150.47 1 0
salesmee/internal/handlers/business/subscription.go:80.63,82.21 2 0
salesmee/internal/handlers/business/subscription.go:82.21,85.3 2 0
salesmee/internal/handlers/business/subscription.go:87.2,88.93 2 0
salesmee/internal/handlers/business/subscription.go:88.93,91.3 2 0
salesmee/internal/handlers/business/subscription.go:94.2,94.38 1 0
salesmee/internal/handlers/business/subscription.go:94.38,98.27 4 0
salesmee/internal/handlers/business/subscription.go:98.27,100.4 1 0
salesmee/internal/handlers/business/subscription.go:101.3,101.29 1 0
salesmee/internal/handlers/business/subscription.go:101.29,103.110 2 0
salesmee/internal/handlers/business/subscription.go:103.110,106.35 3 0
salesmee/internal/handlers/business/subscription.go:106.35,108.6 1 0
salesmee/internal/handlers/business/subscription.go:110.5,121.92 3 0
salesmee/internal/handlers/business/subscription.go:121.92,123.6 1 0
salesmee/internal/handlers/business/subscription.go:123.11,132.6 1 0
salesmee/internal/handlers/business/subscription.go:134.5,137.11 3 0
salesmee/internal/handlers/business/subscription.go:142.2,160.34 5 0
salesmee/internal/handlers/business/subscription.go:160.34,164.57 3 0
salesmee/internal/handlers/business/subscription.go:164.57,166.37 2 0
salesmee/internal/handlers/business/subscription.go:166.37,168.5 1 0
salesmee/internal/handlers/business/subscription.go:169.4,173.5 1 0
salesmee/internal/handlers/business/subscription.go:176.3,177.38 2 0
salesmee/internal/handlers/business/subscription.go:177.38,180.4 2 0
salesmee/internal/handlers/business/subscription.go:182.3,190.59 8 0
salesmee/internal/handlers/business/subscription.go:190.59,192.4 1 0
salesmee/internal/handlers/business/subscription.go:194.3,194.24 1 0
salesmee/internal/handlers/business/subscription.go:195.18,197.28 2 0
salesmee/internal/handlers/business/subscription.go:198.15,200.27 2 0
salesmee/internal/handlers/business/subscription.go:201.11,203.28 2 0
salesmee/internal/handlers/business/subscription.go:207.2,207.41 1 0
salesmee/internal/handlers/business/subscription.go:207.41,209.3 1 0
salesmee/internal/handlers/business/subscription.go:209.8,211.3 1 0
salesmee/internal/handlers/business/subscription.go:214.56,216.21 2 0
salesmee/internal/handlers/business/subscription.go:216.21,219.3 2 0
salesmee/internal/handlers/business/subscription.go:221.2,222.64 2 0
salesmee/internal/handlers/business/subscription.go:222.64,225.3 2 0
salesmee/internal/handlers/business/subscription.go:227.2,231.40 4 0
salesmee/internal/handlers/business/subscription.go:231.40,233.79 2 0
salesmee/internal/handlers/business/subscription.go:233.79,235.4 1 0
salesmee/internal/handlers/business/subscription.go:238.2,245.41 2 0
salesmee/internal/handlers/business/subscription.go:245.41,247.3 1 0
salesmee/internal/handlers/business/subscription.go:247.8,249.3 1 0
salesmee/internal/handlers/business/subscription.go:252.59,254.21 2 0
salesmee/internal/handlers/business/subscription.go:254.21,257.3 2 0
salesmee/internal/handlers/business/subscription.go:259.2,260.64 2 0
salesmee/internal/handlers/business/subscription.go:260.64,263.3 2 0
salesmee/internal/handlers/business/subscription.go:265.2,269.100 4 0
salesmee/internal/handlers/business/subscription.go:269.100,272.3 2 0
salesmee/internal/handlers/business/subscription.go:274.2,275.31 2 0
salesmee/internal/handlers/business/subscription.go:275.31,277.3 1 0
salesmee/internal/handlers/business/subscription.go:277.8,279.3 1 0
salesmee/internal/handlers/business/subscription.go:281.2,291.46 2 0
salesmee/internal/handlers/business/subscription.go:294.58,299.27 5 0
salesmee/internal/handlers/business/subscription.go:299.27,301.3 1 0
salesmee/internal/handlers/business/subscription.go:302.2,302.24 1 0
salesmee/internal/handlers/business/subscription.go:302.24,304.3 1 0
salesmee/internal/handlers/business/subscription.go:306.2,307.64 2 0
salesmee/internal/handlers/business/subscription.go:307.64,310.3 2 0
salesmee/internal/handlers/business/subscription.go:312.2,313.100 2 0
salesmee/internal/handlers/business/subscription.go:313.100,316.3 2 0
salesmee/internal/handlers/business/subscription.go:318.2,319.31 2 0
salesmee/internal/handlers/business/subscription.go:319.31,321.3 1 0
salesmee/internal/handlers/business/subscription.go:321.8,323.3 1 0
salesmee/internal/handlers/business/subscription.go:325.2,326.26 2 0
salesmee/internal/handlers/business/subscription.go:326.26,328.3 1 0
salesmee/internal/handlers/business/subscription.go:329.2,351.46 3 0
salesmee/internal/handlers/business/subscription.go:351.46,357.4 1 0
salesmee/internal/handlers/business/subscription.go:360.2,361.16 2 0
salesmee/internal/handlers/business/subscription.go:361.16,364.3 2 0
salesmee/internal/handlers/business/subscription.go:366.2,366.46 1 0
salesmee/internal/handlers/business/subscription.go:369.54,374.93 4 0
salesmee/internal/handlers/business/subscription.go:374.93,377.3 2 0
salesmee/internal/handlers/business/subscription.go:379.2,380.102 2 0
salesmee/internal/handlers/business/subscription.go:380.102,383.3 2 0
salesmee/internal/handlers/business/subscription.go:385.2,386.34 2 0
salesmee/internal/handlers/business/subscription.go:386.34,388.3 1 0
salesmee/internal/handlers/business/subscription.go:390.2,391.16 2 0
salesmee/internal/handlers/business/subscription.go:391.16,394.3 2 0
salesmee/internal/handlers/business/subscription.go:396.2,396.20 1 0
salesmee/internal/handlers/business/subscription.go:396.20,397.61 1 0
salesmee/internal/handlers/business/subscription.go:397.61,400.4 2 0
salesmee/internal/handlers/business/subscription.go:403.2,403.77 1 0
salesmee/internal/handlers/business/subscription.go:403.77,406.3 2 0
salesmee/internal/handlers/business/subscription.go:408.2,408.87 1 0
salesmee/internal/handlers/business/subscription.go:411.62,415.93 3 0
salesmee/internal/handlers/business/subscription.go:415.93,418.3 2 0
salesmee/internal/handlers/business/subscription.go:420.2,420.34 1 0
salesmee/internal/handlers/business/subscription.go:420.34,423.3 2 0
salesmee/internal/handlers/business/subscription.go:425.2,426.93 2 0
salesmee/internal/handlers/business/subscription.go:426.93,429.3 2 0
salesmee/internal/handlers/business/subscription.go:431.2,432.78 2 0
salesmee/internal/handlers/business/subscription.go:432.78,434.3 1 0
salesmee/internal/handlers/business/subscription.go:436.2,444.144 3 0
salesmee/internal/handlers/business/subscription.go:447.57,451.88 3 0
salesmee/internal/handlers/business/subscription.go:451.88,454.3 2 0
salesmee/internal/handlers/business/subscription.go:456.2,456.82 1 0
salesmee/internal/handlers/business/subscription.go:456.82,459.3 2 0
salesmee/internal/handlers/business/subscription.go:461.2,462.26 2 0
salesmee/internal/handlers/business/subscription.go:462.26,464.3 1 0
salesmee/internal/handlers/business/subscription.go:465.2,469.16 4 0
salesmee/internal/handlers/business/subscription.go:469.16,472.3 2 0
salesmee/internal/handlers/business/subscription.go:474.2,474.48 1 0
salesmee/internal/handlers/business/subscription.go:477.56,479.21 2 0
salesmee/internal/handlers/business/subscription.go:479.21,482.3 2 0
salesmee/internal/handlers/business/subscription.go:484.2,485.93 2 0
salesmee/internal/handlers/business/subscription.go:485.93,488.3 2 0
salesmee/internal/handlers/business/subscription.go:490.2,492.75 3 0
salesmee/internal/handlers/business/subscription.go:492.75,495.3 2 0
salesmee/internal/handlers/business/subscription.go:497.2,497.50 1 0
salesmee/internal/handlers/business/subscription.go:497.50,503.3 2 0
salesmee/internal/handlers/business/subscription.go:505.2,508.20 1 0
salesmee/internal/handlers/business/subscription.go:511.63,513.21 2 0
salesmee/internal/handlers/business/subscription.go:513.21,516.3 2 0
salesmee/internal/handlers/business/subscription.go:518.2,519.93 2 0
salesmee/internal/handlers/business/subscription.go:519.93,522.3 2 0
salesmee/internal/handlers/business/subscription.go:524.2,525.75 2 0
salesmee/internal/handlers/business/subscription.go:525.75,527.3 1 0
salesmee/internal/handlers/business/subscription.go:529.2,529.26 1 0
salesmee/internal/handlers/business/subscription.go:529.26,532.3 2 0
salesmee/internal/handlers/business/subscription.go:534.2,535.121 1 0
salesmee/internal/handlers/business/subscription.go:538.56,539.30 1 0
salesmee/internal/handlers/business/subscription.go:539.30,541.17 2 0
salesmee/internal/handlers/business/subscription.go:541.17,544.4 2 0
salesmee/internal/handlers/business/subscription.go:546.3,548.17 3 0
salesmee/internal/handlers/business/subscription.go:548.17,551.4 2 0
salesmee/internal/handlers/business/subscription.go:553.3,553.21 1 0
salesmee/internal/handlers/business/subscription.go:554.41,555.40 1 0
salesmee/internal/handlers/business/subscription.go:556.39,557.42 1 0
salesmee/internal/handlers/business/subscription.go:558.41,559.42 1 0
salesmee/internal/handlers/business/subscription.go:560.33,561.34 1 0
salesmee/internal/handlers/business/subscription.go:564.3,564.49 1 0
salesmee/internal/handlers/business/subscription.go:568.56,569.30 1 0
salesmee/internal/handlers/business/subscription.go:569.30,571.17 2 0
salesmee/internal/handlers/business/subscription.go:571.17,574.4 2 0
salesmee/internal/handlers/business/subscription.go:576.3,580.17 4 0
salesmee/internal/handlers/business/subscription.go:580.17,583.4 2 0
salesmee/internal/handlers/business/subscription.go:585.3,585.21 1 0
salesmee/internal/handlers/business/subscription.go:586.37,587.40 1 0
salesmee/internal/handlers/business/subscription.go:588.40,589.42 1 0
salesmee/internal/handlers/business/subscription.go:590.40,591.42 1 0
salesmee/internal/handlers/business/subscription.go:592.23,593.34 1 0
salesmee/internal/handlers/business/subscription.go:594.33,595.43 1 0
salesmee/internal/handlers/business/subscription.go:598.3,598.49 1 0
salesmee/internal/handlers/business/subscription.go:602.71,604.67 2 0
salesmee/internal/handlers/business/subscription.go:604.67,606.3 1 0
salesmee/internal/handlers/business/subscription.go:608.2,609.91 2 0
salesmee/internal/handlers/business/subscription.go:609.91,611.3 1 0
salesmee/internal/handlers/business/subscription.go:613.2,614.20 2 0
salesmee/internal/handlers/business/subscription.go:614.20,616.3 1 0
salesmee/internal/handlers/business/subscription.go:618.2,620.24 3 0
salesmee/internal/handlers/business/subscription.go:620.24,622.3 1 0
salesmee/internal/handlers/business/subscription.go:624.2,635.24 2 0
salesmee/internal/handlers/business/subscription.go:635.24,639.3 3 0
salesmee/internal/handlers/business/subscription.go:641.2,641.34 1 0
salesmee/internal/handlers/business/subscription.go:641.34,643.3 1 0
salesmee/internal/handlers/business/subscription.go:644.2,644.32 1 0
salesmee/internal/handlers/business/subscription.go:644.32,646.3 1 0
salesmee/internal/handlers/business/subscription.go:648.2,648.76 1 0
salesmee/internal/handlers/business/subscription.go:648.76,650.3 1 0
salesmee/internal/handlers/business/subscription.go:652.2,653.87 2 0
salesmee/internal/handlers/business/subscription.go:653.87,655.3 1 0
salesmee/internal/handlers/business/subscription.go:655.8,666.3 1 0
salesmee/internal/handlers/business/subscription.go:668.2,670.99 2 0
salesmee/internal/handlers/business/subscription.go:670.99,672.3 1 0
salesmee/internal/handlers/business/subscription.go:675.73,677.102 2 0
salesmee/internal/handlers/business/subscription.go:677.102,679.3 1 0
salesmee/internal/handlers/business/subscription.go:681.2,682.36 2 0
salesmee/internal/handlers/business/subscription.go:682.36,684.3 1 0
salesmee/internal/handlers/business/subscription.go:685.2,685.34 1 0
salesmee/internal/handlers/business/subscription.go:685.34,687.3 1 0
salesmee/internal/handlers/business/subscription.go:688.2,688.32 1 0
salesmee/internal/handlers/business/subscription.go:688.32,690.3 1 0
salesmee/internal/handlers/business/subscription.go:691.2,691.24 1 0
salesmee/internal/handlers/business/subscription.go:691.24,694.3 2 0
salesmee/internal/handlers/business/subscription.go:696.2,696.22 1 0
salesmee/internal/handlers/business/subscription.go:696.22,698.3 1 0
[...]
salesmee/internal/handlers/insights.go:50.2,86.30 29 0
salesmee/internal/handlers/insights.go:86.30,88.3 1 0
salesmee/internal/handlers/insights.go:89.2,89.19 1 0
salesmee/internal/handlers/insights.go:89.19,91.3 1 0
salesmee/internal/handlers/insights.go:93.2,104.22 10 0
salesmee/internal/handlers/insights.go:104.22,106.3 1 0
salesmee/internal/handlers/insights.go:106.8,106.28 1 0
salesmee/internal/handlers/insights.go:106.28,108.3 1 0
salesmee/internal/handlers/insights.go:110.2,110.23 1 0
salesmee/internal/handlers/insights.go:110.23,112.3 1 0
salesmee/internal/handlers/insights.go:114.2,115.43 2 0
salesmee/internal/handlers/insights.go:115.43,117.3 1 0
salesmee/internal/handlers/insights.go:117.8,117.31 1 0
salesmee/internal/handlers/insights.go:117.31,119.3 1 0
salesmee/internal/handlers/insights.go:121.2,124.27 4 0
salesmee/internal/handlers/insights.go:124.27,126.3 1 0
salesmee/internal/handlers/insights.go:126.8,126.34 1 0
salesmee/internal/handlers/insights.go:126.34,128.3 1 0
salesmee/internal/handlers/insights.go:128.8,128.33 1 0
salesmee/internal/handlers/insights.go:128.33,130.3 1 0
salesmee/internal/handlers/insights.go:130.8,130.33 1 0
salesmee/internal/handlers/insights.go:130.33,132.3 1 0
salesmee/internal/handlers/insights.go:134.2,141.122 7 0
salesmee/internal/handlers/insights.go:141.122,143.3 1 0
salesmee/internal/handlers/insights.go:143.8,145.115 2 0
salesmee/internal/handlers/insights.go:145.115,147.4 1 0
salesmee/internal/handlers/insights.go:150.2,151.97 2 0
salesmee/internal/handlers/insights.go:151.97,156.3 1 0
salesmee/internal/handlers/insights.go:158.2,174.22 16 0
salesmee/internal/handlers/insights.go:177.51,179.16 2 0
salesmee/internal/handlers/insights.go:179.16,182.3 2 0
salesmee/internal/handlers/insights.go:184.2,190.4 4 0
salesmee/internal/handlers/insights.go:193.51,195.16 2 0
salesmee/internal/handlers/insights.go:195.16,198.3 2 0
salesmee/internal/handlers/insights.go:200.2,211.4 7 0
salesmee/internal/handlers/insights.go:214.50,216.16 2 0
salesmee/internal/handlers/insights.go:216.16,219.3 2 0
salesmee/internal/handlers/insights.go:221.2,228.4 4 0
salesmee/internal/handlers/legal.go:13.34,15.2 1 0
salesmee/internal/handlers/legal.go:17.32,19.2 1 0
salesmee/internal/handlers/legal.go:21.34,23.2 1 0
salesmee/internal/handlers/legal.go:25.39,33.2 2 0
salesmee/internal/handlers/legal.go:35.41,53.2 7 0
salesmee/internal/handlers/legal.go:55.41,57.40 2 0
salesmee/internal/handlers/legal.go:57.40,59.3 1 0
salesmee/internal/handlers/legal.go:60.2,60.33 1 0
salesmee/internal/handlers/media_helper.go:14.78,16.16 2 0
salesmee/internal/handlers/media_helper.go:16.16,18.3 1 0
salesmee/internal/handlers/media_helper.go:19.2,23.13 4 0
salesmee/internal/handlers/media_helper.go:24.48,25.22 1 0
salesmee/internal/handlers/media_helper.go:26.64,27.25 1 0
salesmee/internal/handlers/media_helper.go:28.55,29.22 1 0
salesmee/internal/handlers/media_helper.go:30.10,31.62 1 0
salesmee/internal/handlers/media_helper.go:34.2,34.32 1 0
salesmee/internal/handlers/media_helper.go:34.32,36.3 1 0
salesmee/internal/handlers/media_helper.go:38.2,39.53 2 0
salesmee/internal/handlers/media_helper.go:39.53,41.3 1 0
salesmee/internal/handlers/media_helper.go:43.2,45.16 3 0
salesmee/internal/handlers/media_helper.go:45.16,47.3 1 0
salesmee/internal/handlers/media_helper.go:48.2,50.46 2 0
salesmee/internal/handlers/media_helper.go:50.46,52.3 1 0
salesmee/internal/handlers/media_helper.go:54.2,55.33 2 0
salesmee/internal/handlers/message.go:27.34,33.16 5 0
salesmee/internal/handlers/message.go:33.16,37.3 3 0
salesmee/internal/handlers/message.go:40.2,41.122 2 0
salesmee/internal/handlers/message.go:41.122,45.3 3 0
salesmee/internal/handlers/message.go:48.2,49.61 2 0
salesmee/internal/handlers/message.go:49.61,52.3 2 0
salesmee/internal/handlers/message.go:55.2,59.99 3 0
salesmee/internal/handlers/message.go:59.99,66.55 2 0
salesmee/internal/handlers/message.go:66.55,70.4 3 0
salesmee/internal/handlers/message.go:74.2,78.31 4 0
salesmee/internal/handlers/message.go:78.31,90.3 2 0
salesmee/internal/handlers/message.go:93.2,95.31 3 0
salesmee/internal/handlers/message.go:95.31,101.35 5 0
salesmee/internal/handlers/message.go:101.35,102.30 1 0
salesmee/internal/handlers/message.go:102.30,104.5 1 0
salesmee/internal/handlers/message.go:105.4,105.58 1 0
salesmee/internal/handlers/message.go:108.3,109.35 2 0
salesmee/internal/handlers/message.go:109.35,118.28 2 0
salesmee/internal/handlers/message.go:118.28,120.5 1 0
salesmee/internal/handlers/message.go:121.4,121.34 1 0
salesmee/internal/handlers/message.go:124.3,127.23 3 0
salesmee/internal/handlers/message.go:128.16,130.19 2 0
salesmee/internal/handlers/message.go:131.18,132.62 1 0
salesmee/internal/handlers/message.go:132.62,134.5 1 0
salesmee/internal/handlers/message.go:134.10,134.69 1 0
salesmee/internal/handlers/message.go:134.69,136.5 1 0
salesmee/internal/handlers/message.go:136.10,138.5 1 0
salesmee/internal/handlers/message.go:139.27,140.31 1 0
salesmee/internal/handlers/message.go:141.20,142.27 1 0
salesmee/internal/handlers/message.go:143.20,144.27 1 0
salesmee/internal/handlers/message.go:145.20,146.27 1 0
salesmee/internal/handlers/message.go:147.11,148.27 1 0
salesmee/internal/handlers/message.go:151.3,152.20 2 0
salesmee/internal/handlers/message.go:152.20,154.4 1 0
salesmee/internal/handlers/message.go:157.3,196.5 6 0
salesmee/internal/handlers/message.go:200.2,202.35 3 0
salesmee/internal/handlers/message.go:202.35,209.37 6 0
salesmee/internal/handlers/message.go:209.37,211.70 2 0
salesmee/internal/handlers/message.go:211.70,214.28 3 0
salesmee/internal/handlers/message.go:214.28,216.6 1 0
salesmee/internal/handlers/message.go:220.3,221.27 2 0
salesmee/internal/handlers/message.go:221.27,223.4 1 0
salesmee/internal/handlers/message.go:226.3,234.91 6 0
salesmee/internal/handlers/message.go:234.91,236.4 1 0
salesmee/internal/handlers/message.go:236.9,238.4 1 0
salesmee/internal/handlers/message.go:240.3,269.5 2 0
salesmee/internal/handlers/message.go:273.2,273.40 1 0
salesmee/internal/handlers/message.go:273.40,274.45 1 0
salesmee/internal/handlers/message.go:274.45,275.64 1 0
salesmee/internal/handlers/message.go:275.64,277.5 1 0
salesmee/internal/handlers/message.go:281.2,282.98 2 0
salesmee/internal/handlers/message.go:282.98,292.3 1 0
salesmee/internal/handlers/message.go:294.2,300.4 1 0
salesmee/internal/handlers/message.go:303.36,306.16 3 0
salesmee/internal/handlers/message.go:306.16,309.3 2 0
salesmee/internal/handlers/message.go:312.2,313.122 2 0
salesmee/internal/handlers/message.go:313.122,316.3 2 0
salesmee/internal/handlers/message.go:319.2,320.61 2 0
salesmee/internal/handlers/message.go:320.61,323.3 2 0
salesmee/internal/handlers/message.go:325.2,335.81 4 0
salesmee/internal/handlers/message.go:335.81,337.17 2 0
salesmee/internal/handlers/message.go:337.17,340.9 3 0
salesmee/internal/handlers/message.go:344.2,344.53 1 0
salesmee/internal/handlers/message.go:344.53,347.3 2 0
salesmee/internal/handlers/message.go:349.2,354.4 2 0
salesmee/internal/handlers/message.go:357.36,359.16 2 0
salesmee/internal/handlers/message.go:359.16,362.3 2 0
salesmee/internal/handlers/message.go:364.2,368.51 2 0
salesmee/internal/handlers/message.go:368.51,371.3 2 0
salesmee/internal/handlers/message.go:373.2,374.63 2 0
salesmee/internal/handlers/message.go:374.63,377.3 2 0
salesmee/internal/handlers/message.go:379.2,380.51 2 0
salesmee/internal/handlers/message.go:380.51,383.3 2 0
salesmee/internal/handlers/message.go:385.2,385.57 1 0
salesmee/internal/handlers/message.go:388.45,391.16 3 0
salesmee/internal/handlers/message.go:391.16,394.3 2 0
salesmee/internal/handlers/message.go:397.2,400.62 2 0
salesmee/internal/handlers/message.go:400.62,403.3 2 0
salesmee/internal/handlers/message.go:406.2,411.24 1 0
salesmee/internal/handlers/message.go:411.24,414.3 2 0
salesmee/internal/handlers/message.go:416.2,416.36 1 0
salesmee/internal/handlers/message.go:419.51,422.16 3 0
salesmee/internal/handlers/message.go:422.16,425.3 2 0
salesmee/internal/handlers/message.go:427.2,430.60 2 0
salesmee/internal/handlers/message.go:430.60,433.3 2 0
salesmee/internal/handlers/message.go:435.2,435.36 1 0
salesmee/internal/handlers/password_reset.go:17.41,21.2 1 0
salesmee/internal/handlers/password_reset.go:23.41,25.17 2 0
salesmee/internal/handlers/password_reset.go:25.17,31.3 2 0
salesmee/internal/handlers/password_reset.go:33.2,34.79 2 0
salesmee/internal/handlers/password_reset.go:34.79,41.3 2 0
salesmee/internal/handlers/password_reset.go:44.2,55.51 5 0
salesmee/internal/handlers/password_reset.go:55.51,61.3 2 0
salesmee/internal/handlers/password_reset.go:63.2,64.26 2 0
salesmee/internal/handlers/password_reset.go:64.26,66.3 1 0
salesmee/internal/handlers/password_reset.go:67.2,69.74 2 0
salesmee/internal/handlers/password_reset.go:69.74,75.3 2 0
salesmee/internal/handlers/password_reset.go:77.2,80.5 1 0
salesmee/internal/handlers/password_reset.go:83.40,85.17 2 0
salesmee/internal/handlers/password_reset.go:85.17,88.3 2 0
salesmee/internal/handlers/password_reset.go:90.2,91.127 2 0
salesmee/internal/handlers/password_reset.go:91.127,97.3 2 0
salesmee/internal/handlers/password_reset.go:99.2,102.5 1 0
salesmee/internal/handlers/password_reset.go:105.42,109.35 3 0
salesmee/internal/handlers/password_reset.go:109.35,116.3 2 0
salesmee/internal/handlers/password_reset.go:118.2,118.23 1 0
salesmee/internal/handlers/password_reset.go:118.23,125.3 2 0
salesmee/internal/handlers/password_reset.go:127.2,128.127 2 0
salesmee/internal/handlers/password_reset.go:128.127,134.3 2 0
salesmee/internal/handlers/password_reset.go:136.2,143.49 6 0
salesmee/internal/handlers/registration_store.go:32.13,34.2 1 0
salesmee/internal/handlers/registration_store.go:36.40,37.6 1 0
salesmee/internal/handlers/registration_store.go:37.6,40.37 3 0
salesmee/internal/handlers/registration_store.go:40.37,41.51 1 0
salesmee/internal/handlers/registration_store.go:41.51,43.5 1 0
salesmee/internal/handlers/registration_store.go:45.3,45.17 1 0
salesmee/internal/handlers/registration_store.go:49.66,60.2 8 0
salesmee/internal/handlers/registration_store.go:62.74,68.2 4 0
salesmee/internal/handlers/registration_store.go:70.51,75.2 3 0
salesmee/internal/handlers/seo.go:21.33,35.2 1 0
salesmee/internal/handlers/seo.go:37.32,47.2 1 0
salesmee/internal/handlers/social_auth.go:25.57,26.38 1 0
salesmee/internal/handlers/social_auth.go:26.38,28.3 1 0
salesmee/internal/handlers/social_auth.go:29.2,29.30 1 0
salesmee/internal/handlers/social_auth.go:32.61,33.40 1 0
salesmee/internal/handlers/social_auth.go:33.40,35.3 1 0
salesmee/internal/handlers/social_auth.go:36.2,36.32 1 0
salesmee/internal/handlers/social_auth.go:39.29,43.2 3 0
salesmee/internal/handlers/social_auth.go:45.49,50.2 4 0
salesmee/internal/handlers/social_auth.go:52.51,55.55 3 0
salesmee/internal/handlers/social_auth.go:55.55,61.3 2 0
salesmee/internal/handlers/social_auth.go:62.2,65.16 3 0
salesmee/internal/handlers/social_auth.go:65.16,71.3 2 0
salesmee/internal/handlers/social_auth.go:73.2,74.16 2 0
salesmee/internal/handlers/social_auth.go:74.16,80.3 2 0
salesmee/internal/handlers/social_auth.go:82.2,83.121 2 0
salesmee/internal/handlers/social_auth.go:83.121,93.3 3 0
salesmee/internal/handlers/social_auth.go:95.2,95.29 1 0
salesmee/internal/handlers/social_auth.go:95.29,98.27 3 0
salesmee/internal/handlers/social_auth.go:98.27,100.4 1 0
salesmee/internal/handlers/social_auth.go:101.3,101.24 1 0
salesmee/internal/handlers/social_auth.go:104.2,105.16 2 0
salesmee/internal/handlers/social_auth.go:105.16,111.3 2 0
salesmee/internal/handlers/social_auth.go:113.2,114.43 2 0
salesmee/internal/handlers/social_auth.go:117.51,122.2 4 0
salesmee/internal/handlers/social_auth.go:124.53,127.55 3 0
salesmee/internal/handlers/social_auth.go:127.55,133.3 2 0
salesmee/internal/handlers/social_auth.go:134.2,137.16 3 0
salesmee/internal/handlers/social_auth.go:137.16,143.3 2 0
salesmee/internal/handlers/social_auth.go:145.2,146.16 2 0
salesmee/internal/handlers/social_auth.go:146.16,152.3 2 0
salesmee/internal/handlers/social_auth.go:154.2,155.123 2 0
salesmee/internal/handlers/social_auth.go:155.123,165.3 3 0
salesmee/internal/handlers/social_auth.go:167.2,167.31 1 0
salesmee/internal/handlers/social_auth.go:167.31,170.27 3 0
salesmee/internal/handlers/social_auth.go:170.27,172.4 1 0
salesmee/internal/handlers/social_auth.go:173.3,173.24 1 0
salesmee/internal/handlers/social_auth.go:176.2,177.16 2 0
salesmee/internal/handlers/social_auth.go:177.16,183.3 2 0
salesmee/internal/handlers/social_auth.go:185.2,186.43 2 0
salesmee/internal/handlers/social_auth.go:189.41,192.9 3 0
salesmee/internal/handlers/social_auth.go:192.9,195.3 2 0
salesmee/internal/handlers/social_auth.go:197.2,203.5 1 0
salesmee/internal/handlers/social_auth.go:206.45,209.9 3 0
salesmee/internal/handlers/social_auth.go:209.9,212.3 2 0
salesmee/internal/handlers/social_auth.go:214.2,215.61 2 0
salesmee/internal/handlers/social_auth.go:215.61,225.3 2 0
salesmee/internal/handlers/social_auth.go:227.2,228.16 2 0
salesmee/internal/handlers/social_auth.go:228.16,230.3 1 0
salesmee/internal/handlers/social_auth.go:232.2,246.50 2 0
salesmee/internal/handlers/social_auth.go:246.50,257.3 3 0
salesmee/internal/handlers/social_auth.go:259.2,262.16 3 0
salesmee/internal/handlers/social_auth.go:262.16,265.3 2 0
salesmee/internal/handlers/social_auth.go:267.2,268.43 2 0
salesmee/internal/routes/admin_routes.go:9.38,17.2 5 0
salesmee/internal/routes/admin_routes.go:17.2,24.3 6 0
salesmee/internal/routes/business_routes.go:15.41,53.2 24 0
salesmee/internal/routes/business_routes.go:53.2,189.3 102 0
salesmee/internal/routes/business_routes.go:192.2,193.68 2 0
salesmee/internal/routes/client_routes.go:10.39,29.2 11 0
salesmee/internal/routes/client_routes.go:29.2,55.3 25 0
salesmee/internal/routes/routes.go:10.27,23.2 6 0
salesmee/internal/routes/routes.go:23.2,25.3 1 0
salesmee/internal/routes/routes.go:28.2,28.47 1 0
salesmee/internal/routes/routes.go:28.47,32.3 1 0
salesmee/internal/routes/routes.go:35.2,35.40 1 0
salesmee/internal/routes/routes.go:35.40,39.3 1 0
salesmee/internal/routes/routes.go:42.2,42.33 1 0
salesmee/internal/routes/routes.go:42.33,44.3 2 0
salesmee/internal/routes/routes.go:44.3,49.4 4 0
salesmee/internal/routes/routes.go:53.2,68.68 10 0
salesmee/internal/services/subscription/limits.go:15.71,17.94 2 0
salesmee/internal/services/subscription/limits.go:17.94,19.3 1 0
salesmee/internal/services/subscription/limits.go:21.2,26.71 5 0
salesmee/internal/services/subscription/limits.go:26.71,28.26 2 0
salesmee/internal/services/subscription/limits.go:28.26,30.4 1 0
salesmee/internal/services/subscription/limits.go:30.9,30.36 1 0
salesmee/internal/services/subscription/limits.go:30.36,32.4 1 0
salesmee/internal/services/subscription/limits.go:33.3,33.27 1 0
salesmee/internal/services/subscription/limits.go:33.27,35.4 1 0
salesmee/internal/services/subscription/limits.go:35.9,35.36 1 0
salesmee/internal/services/subscription/limits.go:35.36,37.4 1 0
salesmee/internal/services/subscription/limits.go:38.3,38.27 1 0
salesmee/internal/services/subscription/limits.go:38.27,40.4 1 0
salesmee/internal/services/subscription/limits.go:40.9,40.36 1 0
salesmee/internal/services/subscription/limits.go:40.36,42.4 1 0
salesmee/internal/services/subscription/limits.go:43.3,43.32 1 0
salesmee/internal/services/subscription/limits.go:43.32,45.4 1 0
salesmee/internal/services/subscription/limits.go:45.9,45.36 1 0
salesmee/internal/services/subscription/limits.go:45.36,47.4 1 0
salesmee/internal/services/subscription/limits.go:50.2,51.18 2 0
salesmee/internal/services/subscription/limits.go:52.16,53.85 1 0
salesmee/internal/services/subscription/limits.go:54.17,55.86 1 0
salesmee/internal/services/subscription/limits.go:56.17,57.86 1 0
salesmee/internal/services/subscription/limits.go:58.22,59.91 1 0
salesmee/internal/services/subscription/limits.go:60.10,61.71 1 0
salesmee/internal/services/subscription/limits.go:64.2,65.18 2 0
salesmee/internal/services/subscription/limits.go:66.16,67.21 1 0
salesmee/internal/services/subscription/limits.go:68.17,69.22 1 0
salesmee/internal/services/subscription/limits.go:70.17,71.22 1 0
salesmee/internal/services/subscription/limits.go:72.22,73.27 1 0
salesmee/internal/services/subscription/limits.go:76.2,76.17 1 0
salesmee/internal/services/subscription/limits.go:76.17,78.3 1 0
salesmee/internal/services/subscription/limits.go:80.2,80.27 1 0
salesmee/internal/services/subscription/limits.go:80.27,87.3 1 0
salesmee/internal/services/subscription/limits.go:89.2,93.3 1 0
salesmee/internal/services/subscription/limits.go:96.55,98.94 2 0
salesmee/internal/services/subscription/limits.go:98.94,100.3 1 0
salesmee/internal/services/subscription/limits.go:102.2,102.72 1 0
salesmee/internal/services/subscription/limits.go:102.72,104.3 1 0
salesmee/internal/services/subscription/limits.go:106.2,107.17 2 0
salesmee/internal/services/subscription/limits.go:108.19,109.27 1 0
salesmee/internal/services/subscription/limits.go:110.23,111.30 1 0
salesmee/internal/services/subscription/limits.go:112.26,113.33 1 0
salesmee/internal/services/subscription/limits.go:114.29,115.35 1 0
salesmee/internal/services/subscription/limits.go:116.10,117.15 1 0
salesmee/internal/services/subscription/strategy.go:32.41,32.61 1 0
salesmee/internal/services/subscription/strategy.go:34.84,35.43 1 0
salesmee/internal/services/subscription/strategy.go:35.43,37.3 1 0
salesmee/internal/services/subscription/strategy.go:38.2,38.12 1 0
salesmee/internal/services/subscription/strategy.go:41.152,43.24 2 0
salesmee/internal/services/subscription/strategy.go:43.24,46.3 2 0
salesmee/internal/services/subscription/strategy.go:46.8,49.3 2 0
salesmee/internal/services/subscription/strategy.go:50.2,50.33 1 0
salesmee/internal/services/subscription/strategy.go:50.33,52.3 1 0
salesmee/internal/services/subscription/strategy.go:53.2,58.8 2 0
salesmee/internal/services/subscription/strategy.go:61.113,63.2 1 0
salesmee/internal/services/subscription/strategy.go:67.43,67.65 1 0
salesmee/internal/services/subscription/strategy.go:69.86,70.43 1 0
salesmee/internal/services/subscription/strategy.go:70.43,72.3 1 0
salesmee/internal/services/subscription/strategy.go:73.2,73.12 1 0
salesmee/internal/services/subscription/strategy.go:76.154,82.2 1 0
salesmee/internal/services/subscription/strategy.go:84.115,86.82 2 0
salesmee/internal/services/subscription/strategy.go:86.82,88.3 1 0
salesmee/internal/services/subscription/strategy.go:89.2,89.58 1 0
salesmee/internal/services/subscription/strategy.go:94.40,94.59 1 0
salesmee/internal/services/subscription/strategy.go:96.83,98.2 1 0
salesmee/internal/services/subscription/strategy.go:100.151,106.2 1 0
salesmee/internal/services/subscription/strategy.go:108.112,112.2 1 0
salesmee/internal/services/subscription/strategy.go:116.44,116.67 1 0
salesmee/internal/services/subscription/strategy.go:118.87,120.2 1 0
salesmee/internal/services/subscription/strategy.go:122.155,124.24 2 0
salesmee/internal/services/subscription/strategy.go:124.24,126.3 1 0
salesmee/internal/services/subscription/strategy.go:126.8,128.3 1 0
salesmee/internal/services/subscription/strategy.go:129.2,133.8 1 0
salesmee/internal/services/subscription/strategy.go:136.116,143.2 1 0
salesmee/internal/services/subscription/strategy.go:145.102,146.39 1 0
salesmee/internal/services/subscription/strategy.go:146.39,148.3 1 0
salesmee/internal/services/subscription/strategy.go:149.2,149.29 1 0
salesmee/internal/services/subscription/strategy.go:149.29,151.3 1 0
salesmee/internal/services/subscription/strategy.go:152.2,152.42 1 0
salesmee/internal/services/subscription/strategy.go:152.42,154.3 1 0
salesmee/internal/services/subscription/strategy.go:155.2,155.42 1 0
salesmee/internal/services/subscription/strategy.go:155.42,157.3 1 0
salesmee/internal/services/subscription/strategy.go:158.2,158.62 1 0
